AT5G12470	9.30,10.04,9.44,9.84,9.04,10.09,9.72,9.72,9.37,10.04,9.79,9.65
AT4G17530	13.52,13.59,13.70,12.68,13.38,13.45,13.47,12.55,13.35,13.38,13.45,12.66
AT4G14240	3.89,4.96,5.01,4.19,3.64,5.02,4.59,4.20,4.21,5.09,4.27,4.21
AT5G19850	8.01,9.41,8.81,7.55,7.66,9.46,9.08,7.46,7.75,9.34,8.99,7.33
AT5G15450	9.58,11.38,10.66,10.24,9.66,11.42,11.01,10.05,9.63,11.34,10.90,9.60
AT5G62220	7.46,7.53,7.66,6.87,7.18,7.71,8.08,7.57,7.32,7.57,7.85,7.10
AT5G58870	8.79,10.41,9.45,9.19,8.92,10.56,9.64,9.21,9.06,10.56,9.89,8.93
AT5G52570	9.09,9.54,8.93,8.48,8.61,9.03,9.12,8.29,9.10,9.19,8.87,7.35
AT5G50100	8.91,9.86,9.71,8.08,8.05,9.82,9.49,8.44,8.46,10.07,9.64,7.50
AT5G48930	9.07,10.40,10.19,9.79,8.93,10.26,10.57,9.64,8.99,10.16,10.07,9.62
AT5G40390	5.56,7.79,7.75,3.32,5.66,7.96,8.08,3.63,5.56,7.77,7.47,5.14
AT5G23730	5.15,5.81,5.99,4.52,5.00,5.27,5.95,4.70,4.67,5.25,5.74,5.00
AT5G23060	12.10,12.73,12.88,12.58,11.81,12.53,12.53,12.20,11.94,12.72,12.43,11.80
AT5G13770	11.53,11.96,11.21,11.17,11.39,12.27,11.58,11.54,11.25,12.28,11.49,11.27
AT5G03650	9.97,11.27,10.57,10.59,9.71,11.48,11.07,10.86,10.21,11.47,11.20,10.93
AT5G03555	9.88,10.00,9.59,8.76,9.72,9.80,9.84,8.88,9.85,9.67,9.69,8.37
AT5G02120	11.86,12.48,12.50,12.18,11.50,12.20,12.26,11.71,11.69,12.44,12.32,11.37
AT3G61890	10.14,10.81,10.06,9.20,10.55,10.67,10.05,9.25,10.34,10.81,9.92,9.31
AT3G54660	10.70,11.28,10.57,10.59,10.13,11.20,10.80,10.59,10.47,11.27,10.81,10.28
AT3G44100	10.77,11.92,11.77,10.96,10.64,11.62,11.66,10.70,10.82,11.73,11.61,10.59
AT4G37760	7.23,8.69,8.67,7.34,7.08,8.66,8.50,7.23,5.82,8.54,8.12,5.85
AT4G35250	10.20,10.92,10.54,10.44,9.68,11.05,10.68,10.29,9.65,11.08,10.60,9.93
AT4G34720	10.30,10.32,10.33,9.74,9.80,10.30,10.36,9.33,9.78,10.50,10.38,9.67
AT4G32770	6.53,9.12,8.33,8.24,6.50,9.33,8.42,8.22,5.69,9.14,8.32,7.45
AT4G32190	9.33,9.85,9.33,9.49,9.27,9.90,9.56,9.97,9.38,10.04,9.45,9.19
AT4G28290	10.66,11.79,12.05,11.25,10.92,11.63,12.29,11.05,9.92,11.68,12.58,10.63
AT4G26860	10.98,10.95,11.05,10.72,10.52,10.83,10.81,10.79,10.79,10.90,10.86,10.63
AT4G24700	8.55,8.91,8.61,7.28,8.12,8.29,8.54,7.01,7.48,8.33,8.32,6.09
AT4G17840	9.79,10.88,10.71,9.88,9.66,10.92,10.84,9.79,9.76,10.85,10.91,9.22
AT4G11570	10.55,11.98,11.71,10.54,10.67,12.19,11.80,10.56,10.61,12.29,11.76,10.22
AT4G08870	8.79,9.51,9.53,8.84,8.21,9.54,9.50,8.48,8.69,9.94,9.46,8.27
AT4G04610	8.90,11.59,11.90,7.70,8.64,11.94,12.05,8.32,9.66,11.82,12.30,8.46
AT4G04850	6.17,7.69,7.84,5.09,5.90,7.52,7.51,5.25,6.15,7.72,7.39,5.19
AT4G02420	8.32,9.17,9.26,7.64,8.28,9.00,9.45,7.10,8.20,9.26,9.43,7.28
AT2G33250	10.78,11.18,11.24,10.96,10.38,10.94,11.04,10.55,10.33,11.11,10.91,10.14
AT1G07180	7.35,9.01,7.58,8.25,6.63,8.93,7.83,8.03,6.39,9.25,7.93,6.72
AT1G18060	11.41,12.19,12.08,11.58,10.74,12.21,12.09,11.31,10.97,12.16,12.21,10.94
AT3G27170	4.58,5.23,4.14,4.22,4.38,5.09,4.28,3.76,4.69,4.71,4.28,3.51
AT3G21390	8.12,8.84,9.16,7.30,7.77,8.64,8.64,7.40,7.54,8.52,8.60,7.25
AT3G23920	9.17,10.73,10.10,9.77,9.26,10.60,10.44,9.80,9.60,10.65,10.07,9.38
AT3G24170	11.48,11.54,11.61,10.63,11.30,11.66,11.56,10.54,11.36,11.67,11.45,10.79
AT3G24190	9.71,10.54,10.30,10.09,9.49,10.52,10.29,9.92,9.47,10.54,10.09,9.31
AT1G05690	3.61,4.41,3.73,3.66,3.47,3.83,4.23,3.72,3.24,3.93,4.20,3.55
AT3G23000	13.29,13.19,13.52,12.39,12.84,13.11,13.31,12.46,13.04,13.04,13.20,12.69
AT3G27050	12.16,12.35,12.45,12.07,11.77,12.17,12.14,11.67,11.63,12.19,12.17,11.39
AT3G17800	12.50,12.83,12.45,12.18,12.43,12.70,12.53,12.12,12.65,12.97,12.42,11.98
AT3G10420	9.71,10.91,10.18,9.58,9.99,10.87,10.64,9.34,10.19,10.72,10.33,9.28
AT3G11670	9.05,9.87,9.50,8.56,9.03,10.01,9.69,8.33,9.10,10.05,9.47,8.30
AT3G01550	4.35,8.35,8.11,5.15,3.90,8.13,7.66,5.06,4.27,7.96,7.81,3.72
AT3G01180	9.48,11.06,10.70,9.74,9.73,11.27,10.74,9.89,9.75,11.23,10.95,9.91
AT1G01520	2.45,4.96,4.34,2.06,3.29,4.48,4.45,2.33,2.89,5.16,3.29,2.57
AT1G44000	10.93,11.94,12.17,10.64,10.37,11.92,11.94,10.81,10.41,12.13,11.87,10.47
AT1G29700	8.23,9.89,9.60,9.03,7.64,9.78,9.75,8.91,7.53,10.01,10.03,8.59
AT1G66330	10.26,11.58,11.18,10.02,10.31,11.76,11.21,10.00,10.30,11.69,10.91,9.82
AT1G70610	7.86,10.10,9.50,8.92,8.02,10.26,9.70,8.93,8.06,10.19,9.65,8.88
AT1G55960	9.31,11.44,10.41,9.87,9.19,11.33,11.08,9.64,9.06,11.37,10.79,9.41
AT1G19450	8.75,9.23,8.98,7.70,8.25,9.59,9.21,8.00,8.18,9.51,8.91,7.73
AT1G32900	8.69,10.10,8.10,7.80,7.60,9.94,8.87,8.35,8.65,10.28,8.77,8.24
AT1G19970	5.76,6.71,6.42,6.20,5.68,6.77,6.33,5.98,6.45,7.04,6.76,6.05
AT1G18810	9.59,11.47,11.38,9.50,9.52,11.29,11.36,9.08,9.08,11.50,11.08,9.06
AT1G33110	10.03,10.65,10.43,10.21,9.90,10.50,10.53,10.36,10.20,10.50,10.45,9.97
AT1G50020	9.29,10.14,10.66,9.25,9.07,10.10,10.05,9.02,8.68,10.26,10.00,8.57
AT1G70985	4.18,5.41,5.57,4.21,3.74,5.57,5.30,4.17,3.63,5.10,5.14,3.85
AT1G50250	11.68,12.05,11.99,11.85,11.58,12.14,12.00,11.78,11.69,12.32,11.93,11.39
AT1G15060	7.03,7.61,7.58,6.18,6.79,7.45,7.45,6.00,7.05,7.64,7.31,6.03
AT1G06430	10.66,11.45,10.99,11.06,10.39,11.21,11.10,10.93,10.46,11.45,10.97,10.45
AT1G10850	7.11,8.21,7.57,7.58,7.20,8.09,7.99,7.51,7.32,7.96,7.95,7.33
AT1G64860	9.16,10.19,9.45,8.52,8.92,10.48,9.76,9.10,8.91,10.59,9.73,8.76
AT1G79520	6.87,8.93,8.43,7.51,6.64,8.95,8.51,7.52,6.94,9.07,8.37,7.10
AT2G16070	10.29,10.57,10.42,10.57,10.22,10.45,10.53,10.18,10.10,10.51,10.59,9.89
AT2G04039	10.63,11.78,11.49,10.79,10.18,11.77,11.42,10.78,10.51,11.93,11.63,10.36
AT2G22240	5.23,9.73,8.47,7.64,5.45,9.50,8.75,7.79,6.08,9.56,8.26,7.56
AT2G31790	8.30,9.84,9.90,8.63,7.83,9.82,9.74,8.41,7.95,9.50,9.94,7.75
AT1G04250	7.85,9.02,8.35,7.60,7.44,9.17,8.77,7.36,7.86,9.40,8.80,7.83
AT2G21320	9.07,10.16,10.33,5.12,8.56,10.03,10.03,5.57,8.79,9.97,10.26,5.87
AT2G46450	9.46,10.50,10.16,10.23,9.38,10.50,10.56,10.18,9.69,10.29,10.34,10.16
AT2G24540	5.67,7.97,7.03,4.63,6.22,8.06,7.69,5.33,5.07,7.83,7.30,4.34
AT2G04570	8.78,8.98,8.95,6.69,8.42,8.67,8.73,6.52,8.72,8.84,8.79,6.29
AT2G04350	8.18,10.09,9.94,8.25,8.34,10.01,10.06,8.74,8.39,9.97,9.76,8.62
AT2G36870	5.82,10.06,10.12,6.68,6.07,9.98,9.54,6.62,6.32,9.86,9.64,6.94
AT1G10370	5.06,8.11,7.79,5.61,5.24,8.21,7.32,4.95,5.33,8.25,7.72,5.12
AT1G04550	9.05,9.25,9.30,7.88,8.73,9.46,9.24,8.49,9.00,9.37,9.31,8.36
AT1G04530	7.04,7.90,7.68,6.45,6.86,8.07,7.75,6.73,7.20,8.44,7.51,6.27
AT1G65490	7.91,9.39,9.23,7.88,6.92,8.87,9.34,7.61,7.36,9.08,9.16,5.52
AT1G22850	11.57,12.27,11.91,11.65,11.30,12.15,11.89,11.44,11.39,12.15,11.94,11.18
AT2G15020	6.90,8.65,8.05,5.26,6.28,8.64,8.25,5.73,6.30,8.58,8.12,4.31
AT2G37240	9.81,11.39,11.05,10.14,9.38,11.39,11.21,10.15,9.37,11.70,11.18,9.90
AT2G41290	8.10,10.44,10.23,9.09,7.84,10.26,10.11,8.55,7.86,10.38,10.02,7.85
AT2G46735	8.08,9.39,9.47,8.49,8.07,9.11,9.62,8.36,7.88,9.26,9.08,7.68
AT2G39450	10.17,10.72,10.51,9.79,10.21,10.69,10.33,9.82,10.17,10.67,10.24,9.56
AT2G34460	10.78,11.60,11.61,11.17,10.12,11.49,11.53,10.68,10.28,11.60,11.46,10.09
AT2G26690	10.48,11.02,10.84,9.18,10.09,10.83,10.90,8.66,10.68,10.93,10.77,9.27
