AT2G26510	9.35,9.54,9.25,9.81,9.25,9.63,9.44,9.91,9.73,9.58,9.56,9.89
AT2G23340	8.95,9.78,9.97,9.71,8.79,9.73,10.15,9.71,8.59,9.60,10.09,9.15
AT2G40900	2.57,4.45,4.71,3.61,3.27,4.76,4.05,3.45,3.15,4.53,3.80,3.59
AT2G40840	9.80,11.45,11.52,11.07,9.16,11.54,11.47,10.85,10.04,11.54,11.25,10.58
AT2G41620	9.54,8.82,8.57,9.14,9.70,8.94,8.92,9.26,9.76,8.67,9.08,9.36
AT2G41560	11.99,9.89,10.47,10.47,11.97,9.87,10.06,11.09,11.61,9.68,9.90,10.89
AT2G47450	11.88,12.27,12.00,12.09,11.93,12.16,12.19,12.12,11.77,12.05,12.06,11.88
AT2G45440	7.72,6.93,8.92,5.64,6.79,6.83,7.01,6.92,7.12,7.23,7.43,6.78
AT2G47590	9.73,11.43,11.39,10.64,9.44,11.29,11.45,10.40,9.86,11.46,11.35,10.53
AT2G47490	9.36,8.99,8.57,7.19,8.96,8.86,8.90,7.52,8.86,9.02,8.49,7.60
AT5G12470	9.30,10.04,9.44,9.84,9.04,10.09,9.72,9.72,9.37,10.04,9.79,9.65
AT2G33150	10.95,10.95,10.84,11.05,11.02,10.89,10.82,11.01,11.06,11.01,10.70,11.08
AT2G47440	10.22,8.59,8.55,9.99,9.79,8.35,8.65,9.56,9.87,8.32,8.68,9.36
AT1G67660	8.13,9.65,9.78,9.42,8.07,9.54,9.78,8.93,8.34,9.70,9.72,8.66
AT1G67740	14.17,14.24,14.29,13.99,13.89,14.16,14.25,13.77,13.83,14.25,14.25,13.71
AT1G44446	10.42,11.19,10.74,9.72,9.67,11.04,10.56,9.39,10.27,11.22,10.54,9.02
AT4G17245	9.85,9.28,9.32,9.44,9.95,8.69,9.36,9.43,8.98,8.79,9.23,8.87
AT4G17530	13.52,13.59,13.70,12.68,13.38,13.45,13.47,12.55,13.35,13.38,13.45,12.66
AT4G16146	10.19,11.81,12.08,10.90,10.25,11.81,11.44,10.64,10.54,11.82,11.67,10.64
AT4G17770	8.46,10.17,9.58,8.98,8.82,10.21,9.97,8.84,8.56,10.23,10.13,9.05
AT4G17460	10.79,9.69,9.33,10.88,10.53,9.64,10.16,10.65,10.15,9.74,10.16,10.54
AT4G17140	7.46,6.83,7.50,6.58,8.00,6.96,7.70,8.21,7.46,7.13,7.40,8.02
AT4G16950	7.10,7.68,7.90,7.70,6.79,7.84,7.64,8.03,7.32,8.00,7.96,7.79
AT4G16190	13.03,13.14,13.33,13.05,12.92,12.92,13.17,12.87,13.03,13.15,13.21,12.73
AT4G15780	10.33,9.19,9.47,9.71,10.48,9.06,9.22,9.79,10.35,9.15,9.24,9.70
AT4G15430	7.90,5.77,4.59,4.87,7.65,5.46,5.01,4.82,7.90,5.02,4.88,4.44
AT4G15520	8.41,7.09,7.04,8.13,8.33,7.10,7.27,8.05,7.99,7.19,7.27,7.90
AT4G14550	8.14,8.17,8.80,6.77,8.20,7.83,8.33,6.70,7.52,8.22,8.16,6.98
AT4G14230	8.46,9.58,9.54,9.81,8.92,9.90,9.77,9.83,9.29,9.97,9.68,9.81
AT4G14240	3.89,4.96,5.01,4.19,3.64,5.02,4.59,4.20,4.21,5.09,4.27,4.21
AT4G14270	11.15,11.09,11.40,10.79,11.28,11.15,11.30,11.03,11.21,11.28,11.56,11.17
AT1G25275	11.40,10.36,10.26,11.53,11.20,10.34,10.66,11.45,11.36,10.33,10.60,11.69
AT1G25320	7.56,6.95,7.01,8.25,7.68,6.86,7.06,7.91,7.89,7.13,6.98,8.24
AT1G73470	11.60,12.38,12.27,12.17,11.88,12.45,12.35,11.99,11.91,12.44,12.35,12.09
AT1G66900	5.90,6.67,5.74,5.75,5.42,6.80,6.36,5.84,5.90,6.78,6.02,5.84
AT1G66890	8.33,9.32,9.43,9.25,8.73,8.98,9.34,8.60,8.39,8.96,9.15,8.33
AT1G45688	11.09,10.80,10.93,11.47,10.79,10.75,10.89,10.94,11.05,10.70,10.77,10.96
AT1G32220	10.72,12.52,12.43,11.70,10.48,12.61,12.14,11.49,10.36,12.60,12.39,11.43
AT1G26230	9.13,10.50,10.71,10.22,9.36,10.65,10.75,10.27,9.73,10.54,10.80,10.21
AT5G11070	11.92,11.90,12.30,12.54,11.89,11.69,12.47,12.41,11.87,11.76,12.56,12.04
AT5G19770	12.83,11.79,12.00,13.09,12.72,11.73,11.97,13.21,12.75,11.72,11.94,13.11
AT5G19850	8.01,9.41,8.81,7.55,7.66,9.46,9.08,7.46,7.75,9.34,8.99,7.33
AT5G19540	10.26,11.69,11.44,11.26,10.20,11.82,11.63,11.03,10.34,11.80,11.57,10.84
AT5G13090	9.75,9.69,9.97,9.29,9.99,9.38,10.04,9.33,9.31,9.51,9.75,9.42
AT5G20630	11.78,11.31,12.80,10.82,11.43,11.24,12.00,11.11,11.40,11.48,11.94,10.66
AT5G08410	11.28,11.93,12.27,11.20,10.95,11.61,11.86,10.75,10.87,11.74,11.90,10.26
AT5G10730	7.23,8.19,7.73,7.18,6.95,8.24,8.11,7.24,7.56,8.42,8.04,7.36
AT5G21100	5.40,7.94,7.53,5.38,5.08,7.80,8.15,5.77,5.52,8.24,7.87,5.70
AT5G21170	12.80,11.07,10.36,12.68,12.75,10.97,10.54,12.34,12.69,10.99,10.75,12.31
AT5G28840	14.38,13.82,13.90,14.17,14.10,13.73,13.79,14.18,14.18,14.01,13.89,14.06
AT5G08400	8.78,9.42,9.54,8.82,8.95,9.45,9.25,8.72,9.00,9.51,9.35,9.06
AT5G20130	11.77,11.37,11.55,11.77,11.71,11.39,11.36,11.62,11.74,11.53,11.51,11.62
AT5G20380	9.80,10.64,10.19,9.68,10.24,10.84,10.43,10.24,10.13,10.78,10.29,9.96
AT5G20110	9.55,9.56,9.51,9.09,9.42,9.41,9.52,8.90,9.31,9.24,9.67,8.97
AT5G19940	12.33,12.85,12.87,12.47,11.88,12.84,12.65,12.28,12.24,12.95,12.71,12.33
AT4G36970	9.17,8.57,8.94,9.41,8.93,8.43,8.68,8.76,9.32,8.45,8.98,8.98
AT4G36910	9.11,8.76,9.09,9.48,9.12,8.81,9.10,9.20,9.34,8.84,9.21,9.27
AT1G31850	8.08,6.70,7.58,6.82,7.75,6.58,7.22,7.44,7.85,6.57,7.20,7.22
AT3G56680	13.45,12.58,12.75,13.25,13.20,12.59,12.75,13.29,13.26,12.73,12.60,13.20
AT3G56720	10.06,10.31,9.88,10.51,10.43,10.56,10.14,10.81,10.59,10.68,10.09,10.71
AT1G51940	11.08,10.31,10.20,11.88,10.93,10.37,10.13,11.77,11.31,10.47,10.37,11.76
AT5G15910	10.09,11.11,10.73,9.37,9.76,11.24,10.89,9.41,10.13,11.27,10.94,9.59
AT5G16030	12.11,11.55,11.47,11.47,11.84,11.41,11.37,10.77,11.76,11.75,11.24,10.92
AT5G16110	12.24,10.54,10.46,11.66,12.30,10.17,10.53,11.41,11.59,10.01,10.32,10.79
AT5G15850	11.69,10.97,10.34,10.60,11.54,10.80,10.87,10.33,11.45,10.87,10.76,9.84
AT5G14910	12.86,13.26,13.32,13.26,12.83,13.24,13.18,13.11,12.68,13.27,13.31,13.03
AT5G14920	14.28,12.78,12.80,14.36,14.18,12.69,12.90,14.38,14.59,12.33,12.77,14.42
AT5G15450	9.58,11.38,10.66,10.24,9.66,11.42,11.01,10.05,9.63,11.34,10.90,9.60
AT5G14740	13.52,13.20,13.29,13.34,13.43,13.17,13.15,13.29,13.61,13.22,13.29,13.21
AT5G14760	3.87,4.41,3.51,3.82,3.84,3.98,3.82,3.82,3.85,3.53,3.74,3.67
AT1G31710	6.84,10.19,9.90,9.54,7.49,10.15,9.89,9.03,7.71,10.05,9.71,9.59
AT5G27930	8.58,9.49,9.35,9.41,8.99,9.41,9.44,8.98,8.86,9.38,9.31,9.03
AT5G27380	11.06,10.80,11.08,12.06,10.79,10.67,10.90,12.00,11.30,10.94,10.87,12.18
AT5G27280	10.53,11.43,11.59,11.30,10.72,11.40,11.30,10.73,10.70,11.34,11.45,10.84
AT5G26570	10.73,11.13,11.66,11.36,10.69,11.16,11.59,11.20,11.15,11.12,11.65,11.32
AT5G25280	10.36,10.13,10.38,11.67,11.05,10.30,10.88,11.55,9.53,10.54,10.80,11.23
AT5G25460	12.72,12.17,12.17,12.49,12.65,12.04,12.37,12.62,12.82,12.18,12.19,12.78
AT5G24930	12.03,12.18,12.13,11.72,12.17,12.62,12.00,12.38,12.17,12.60,12.05,12.49
AT5G67390	6.03,7.42,8.20,4.82,6.68,7.28,6.93,4.43,5.42,7.20,7.23,4.84
AT5G67030	11.71,13.49,12.60,11.95,11.53,13.66,12.97,11.83,11.94,13.66,13.03,11.87
AT5G66880	11.09,10.87,10.86,10.78,11.18,10.87,10.69,11.03,11.05,10.76,10.91,11.01
AT5G66950	8.20,8.47,8.38,8.82,8.09,8.71,8.72,9.18,8.53,8.56,8.80,9.11
AT5G66570	14.56,14.65,14.72,14.61,14.37,14.59,14.54,14.43,14.47,14.65,14.62,14.44
AT5G65960	10.18,9.71,9.57,10.08,10.41,9.74,9.74,10.47,10.26,9.82,9.50,10.52
AT5G65630	8.81,8.68,9.05,8.70,8.34,8.86,9.11,9.34,9.20,8.87,8.95,9.21
AT5G65730	11.33,11.07,11.16,11.78,11.16,10.81,11.35,11.27,10.74,10.76,11.22,10.60
AT5G65840	6.78,9.53,9.14,7.68,5.69,9.36,9.23,7.00,6.84,9.35,9.28,7.10
AT5G65310	9.51,10.06,10.11,10.57,9.74,10.20,9.97,10.59,9.93,10.24,10.00,10.48
AT5G65000	10.96,10.14,10.29,11.18,10.53,10.18,10.40,11.06,10.73,10.39,10.68,11.00
AT5G64850	8.99,10.18,10.19,9.93,8.67,9.93,9.99,10.02,8.82,9.81,10.10,9.39
AT5G64860	10.59,11.08,11.21,10.97,10.93,11.25,11.28,11.40,11.14,11.34,11.23,11.43
AT5G64840	12.26,12.59,12.15,12.30,11.94,12.40,12.15,11.92,12.31,12.72,12.14,11.76
AT5G64940	11.99,12.02,11.41,10.84,11.73,12.19,11.59,11.27,12.03,12.28,11.54,11.26
AT5G64930	9.73,8.57,8.61,8.60,9.63,8.75,8.75,8.89,9.33,8.70,8.59,8.59
AT5G64330	11.75,11.57,11.46,11.66,11.67,11.47,11.50,11.78,11.70,11.44,11.29,11.93
AT5G63880	10.23,10.12,10.03,10.53,10.41,10.06,9.86,10.40,10.38,10.03,9.89,10.54
AT5G63860	7.70,7.64,7.46,7.50,8.20,7.83,7.70,8.06,7.84,7.70,7.28,7.91
AT5G64170	6.74,9.14,8.88,3.96,5.71,9.03,8.80,4.02,6.35,9.09,8.84,3.90
AT5G63780	8.47,10.74,11.07,9.95,8.18,10.54,10.71,9.43,8.63,10.60,10.81,9.47
AT5G63800	9.49,10.60,9.98,9.72,9.52,10.73,10.34,9.92,9.83,10.87,10.18,10.01
AT5G63140	8.76,8.19,9.07,9.48,8.78,8.39,8.97,9.66,9.21,8.82,8.97,9.33
AT5G63420	6.99,6.98,7.47,7.55,6.90,6.60,7.29,6.65,6.65,7.00,7.70,6.34
AT5G62840	8.73,10.11,10.29,9.58,8.11,10.35,10.32,9.49,8.56,10.14,10.47,9.15
AT5G62980	11.10,11.15,11.03,10.57,11.02,11.16,10.93,10.78,11.14,11.12,11.05,10.99
AT5G62570	6.29,6.56,6.19,6.21,6.58,6.73,6.59,6.68,6.73,6.81,6.21,6.86
AT5G62720	11.03,10.92,11.51,11.38,11.03,10.95,11.40,11.12,10.60,11.30,11.60,11.19
AT5G62350	12.64,13.08,13.66,12.87,12.38,13.11,13.33,12.82,12.35,13.19,13.15,12.62
AT5G62430	8.43,7.58,8.11,2.95,7.40,7.64,7.99,3.91,7.34,7.94,7.64,3.20
AT5G62470	7.68,6.96,6.79,6.64,7.70,6.70,6.97,6.65,8.01,6.81,7.01,6.47
AT5G62200	9.64,9.81,10.05,10.26,9.68,9.71,9.93,9.70,9.85,9.63,9.74,9.55
AT5G62220	7.46,7.53,7.66,6.87,7.18,7.71,8.08,7.57,7.32,7.57,7.85,7.10
AT5G61380	10.31,7.79,8.82,10.38,10.45,8.17,8.73,10.50,10.55,8.39,8.80,10.31
AT5G61590	12.16,10.59,11.13,12.82,11.57,10.56,11.44,12.57,11.54,10.80,11.68,12.36
AT5G61670	11.10,11.59,10.97,10.43,10.52,11.63,11.32,10.33,10.89,11.61,11.34,10.19
AT5G61228	11.19,11.29,10.96,11.24,11.21,11.22,11.04,11.41,11.17,11.28,10.99,11.25
AT5G60850	8.28,7.03,7.40,6.97,9.24,7.11,7.30,7.50,7.68,7.32,7.08,7.54
AT5G60710	8.11,7.16,7.16,8.66,8.25,7.50,7.38,9.07,7.88,7.50,7.43,8.80
AT5G60540	10.69,9.86,10.98,9.74,10.69,9.58,10.37,9.67,10.50,9.86,10.41,10.05
AT5G59540	9.37,10.74,10.91,9.90,9.10,10.68,10.93,9.60,9.65,10.93,11.12,9.77
AT5G59750	11.16,11.17,11.06,10.58,11.00,11.13,11.29,11.06,10.81,11.19,11.02,10.34
AT5G59780	7.95,8.44,7.96,8.42,8.05,8.55,8.45,8.39,7.99,8.58,8.02,8.92
AT5G59130	3.31,7.88,8.60,4.97,2.91,7.95,8.24,4.41,2.79,8.16,8.19,3.19
AT5G58870	8.79,10.41,9.45,9.19,8.92,10.56,9.64,9.21,9.06,10.56,9.89,8.93
AT5G58900	9.56,9.78,9.49,11.08,9.81,9.80,9.72,11.32,9.91,9.90,9.69,10.83
AT5G58650	7.81,7.10,6.91,7.10,7.83,6.84,6.98,7.33,7.14,7.10,6.86,7.27
AT5G58570	11.96,10.03,10.54,11.42,12.23,9.88,10.54,10.77,11.36,9.64,10.47,10.63
AT5G57870	10.16,9.01,9.22,9.06,10.29,9.13,9.23,9.69,9.93,8.85,9.10,9.60
AT5G58070	8.96,10.40,10.15,10.12,8.82,10.25,10.18,9.66,8.84,10.05,9.92,9.09
AT5G57850	9.93,9.58,9.56,9.76,9.91,9.80,9.55,9.88,9.92,9.57,9.63,9.90
AT5G57345	11.01,12.15,11.47,11.31,10.80,12.23,11.47,10.94,11.11,12.17,11.47,10.86
AT5G57660	12.41,10.50,11.13,9.69,12.22,10.04,10.83,9.79,11.43,10.20,10.45,9.71
AT5G57040	11.11,12.31,12.08,11.81,10.64,12.23,12.06,11.49,10.93,12.59,12.13,11.29
AT5G57030	9.32,10.76,10.62,9.57,9.05,10.86,10.52,9.83,9.51,10.95,10.55,9.67
AT5G56600	8.99,10.09,10.16,9.66,8.56,9.92,10.04,9.15,9.05,9.94,10.08,9.23
AT5G56860	7.03,7.08,7.33,7.29,7.16,7.16,7.16,7.89,6.89,7.40,7.00,7.19
AT5G55990	6.26,6.94,7.68,5.25,6.28,6.98,7.35,6.77,5.16,7.25,7.18,6.33
AT5G56260	10.17,10.57,10.64,10.58,10.01,10.35,10.40,10.29,9.96,10.32,10.40,9.91
AT5G56280	10.18,10.30,10.52,10.46,10.35,10.23,10.31,10.23,10.50,10.36,10.48,10.33
AT5G56000	11.30,12.00,13.00,10.37,10.98,11.71,12.58,10.77,10.98,11.68,12.45,10.48
AT5G56040	9.80,8.95,9.75,9.80,9.51,9.23,9.42,9.80,9.52,9.19,9.24,9.82
AT5G55530	10.92,10.31,10.63,10.61,10.83,10.15,10.41,10.31,10.63,10.21,10.41,10.23
AT5G54540	11.80,11.45,11.87,11.32,11.62,11.36,11.16,11.19,11.54,11.73,11.15,11.10
AT5G54960	9.00,9.00,9.01,10.73,9.15,8.85,9.13,10.19,9.44,8.98,9.06,10.17
AT5G54270	14.15,15.02,14.89,14.82,13.71,14.96,14.71,14.56,14.21,15.04,14.86,14.70
AT5G53880	10.39,10.23,10.56,11.30,9.96,10.29,10.57,11.31,10.31,10.33,10.39,11.43
AT5G54130	6.02,5.15,5.17,3.96,6.54,5.24,5.51,5.07,5.36,4.95,5.81,5.18
AT5G54110	7.98,7.82,7.45,8.35,8.39,7.98,7.59,8.34,7.98,7.98,7.59,8.48
AT5G54160	11.44,13.07,12.81,12.33,11.33,12.90,12.78,11.72,11.75,13.01,12.79,12.04
AT5G53970	10.28,9.65,9.38,9.26,10.17,9.50,9.66,9.32,9.94,9.66,9.61,8.78
AT5G53370	8.92,10.02,9.59,10.49,9.13,9.89,9.71,10.25,9.77,9.86,9.77,10.54
AT5G53550	5.42,3.63,3.19,6.21,6.39,3.16,3.96,6.46,5.59,3.60,3.75,6.73
AT5G52570	9.09,9.54,8.93,8.48,8.61,9.03,9.12,8.29,9.10,9.19,8.87,7.35
AT5G52450	6.31,7.46,6.93,7.22,6.26,7.10,7.32,7.90,7.12,7.57,7.10,7.47
AT5G52190	10.31,9.69,9.70,10.42,10.79,9.39,9.44,10.03,9.27,9.55,9.23,9.60
AT5G51400	10.84,9.79,9.77,10.44,10.78,9.72,9.96,10.17,10.32,9.45,9.79,10.02
AT5G50450	3.86,3.79,4.23,3.49,4.55,3.17,4.04,3.80,3.09,3.34,4.34,3.79
AT5G50100	8.91,9.86,9.71,8.08,8.05,9.82,9.49,8.44,8.46,10.07,9.64,7.50
AT5G49760	11.18,11.36,11.37,11.69,10.99,11.53,11.33,11.99,11.60,11.37,11.49,11.82
AT5G49910	10.34,12.00,11.78,11.83,9.73,11.87,12.05,11.83,10.54,11.95,12.24,11.24
AT5G48880	4.63,9.79,9.04,7.37,5.80,9.84,9.40,7.37,6.36,9.80,9.12,6.98
AT5G48930	9.07,10.40,10.19,9.79,8.93,10.26,10.57,9.64,8.99,10.16,10.07,9.62
AT5G48900	11.39,10.49,10.49,10.17,11.21,10.59,10.43,10.22,11.36,10.33,10.31,10.85
AT5G48490	13.01,13.79,13.90,13.03,12.29,13.75,13.78,12.68,12.00,13.76,13.83,12.58
AT5G48485	11.43,11.82,11.24,10.66,11.44,11.51,11.56,10.52,10.80,11.48,11.46,9.83
AT5G48540	6.27,7.21,6.95,6.54,6.42,7.35,8.03,5.83,6.80,7.02,7.59,5.83
AT5G48380	8.81,7.84,8.34,9.34,8.88,8.07,8.34,9.55,9.06,8.11,8.32,9.44
AT5G48250	7.63,6.36,7.67,8.50,8.10,6.65,7.76,8.58,7.43,6.99,7.80,8.81
AT5G47560	11.41,10.30,10.30,11.15,10.89,10.10,10.27,10.84,11.07,10.29,10.22,10.83
AT5G47620	10.95,10.03,10.53,10.46,10.60,9.06,10.25,9.54,10.00,9.19,9.83,8.95
AT5G47240	3.51,8.54,8.55,7.28,5.69,8.74,8.33,6.81,3.81,8.77,8.70,6.45
AT5G46580	10.51,11.41,11.66,10.66,10.24,11.79,11.70,10.96,10.47,11.63,11.74,10.86
AT5G46110	13.02,13.16,13.40,12.37,12.79,12.92,13.14,12.35,12.67,12.97,13.06,12.13
AT5G45800	8.46,9.29,9.26,8.95,8.37,9.14,9.30,8.66,8.53,9.41,9.24,8.66
AT5G45820	9.39,9.63,9.16,8.02,9.06,9.85,8.99,8.10,8.15,10.10,8.47,7.32
AT5G44670	8.94,7.52,7.61,7.50,8.34,7.72,7.78,7.68,8.64,7.37,7.73,8.33
AT5G44190	9.87,10.50,10.27,8.17,9.74,10.46,10.42,8.68,8.56,10.69,9.95,8.16
AT5G44530	7.01,9.00,8.54,6.87,6.64,9.12,8.50,7.67,7.45,8.92,8.55,7.50
AT5G43750	10.17,12.10,12.65,11.32,9.96,12.27,12.32,11.39,10.02,12.61,12.40,11.33
AT5G43760	11.18,10.67,11.25,11.64,10.93,10.40,11.13,11.62,11.13,10.47,11.05,11.16
AT5G43150	8.67,10.75,10.28,9.83,8.64,10.48,10.25,9.37,8.69,10.63,9.95,8.94
AT5G42810	8.07,8.16,7.70,7.83,7.83,8.17,7.76,7.75,7.93,7.89,7.70,7.32
AT5G42650	9.94,11.87,11.92,11.33,10.03,11.99,12.15,11.13,10.47,12.15,12.05,11.49
AT5G42070	10.93,11.40,11.34,10.84,10.66,11.22,11.44,10.63,10.16,11.40,11.17,9.93
AT5G42030	9.31,10.24,10.40,9.74,8.67,10.19,10.11,9.20,9.63,10.41,10.21,9.56
AT5G42100	7.41,6.71,7.81,6.61,6.86,6.17,7.21,6.57,6.71,6.31,6.79,6.36
AT5G40850	11.63,10.28,10.72,12.06,11.28,10.29,10.98,11.66,11.38,10.33,11.33,11.52
AT5G40500	8.60,11.25,11.17,9.97,8.59,11.19,11.05,9.45,8.80,11.15,11.06,9.59
AT5G39860	10.56,11.00,11.00,9.81,10.37,10.78,10.90,8.90,10.48,10.77,10.89,9.78
AT5G40390	5.56,7.79,7.75,3.32,5.66,7.96,8.08,3.63,5.56,7.77,7.47,5.14
AT5G39660	8.91,7.25,6.86,7.64,8.71,6.91,7.31,7.56,8.50,7.00,7.37,7.16
AT5G39410	7.48,6.85,7.99,7.83,7.54,6.99,7.37,7.83,7.37,6.93,7.26,7.85
AT5G39210	10.28,11.78,12.23,11.54,10.27,11.83,12.02,11.19,10.34,11.97,12.10,11.00
AT5G38530	7.19,9.20,9.29,7.97,7.37,9.32,9.30,7.73,7.49,9.20,9.40,7.76
AT5G38520	10.21,11.56,11.71,11.19,10.05,11.54,11.14,11.06,10.26,11.88,11.36,10.53
AT5G37680	5.78,7.08,7.40,5.36,5.66,7.00,7.15,5.91,5.84,7.11,6.89,5.37
AT5G37780	12.19,12.46,12.62,12.36,12.27,12.53,12.42,12.51,12.33,12.51,12.48,12.62
AT5G37260	12.39,6.96,10.89,11.58,12.38,7.89,10.62,11.80,12.18,8.20,10.98,10.79
AT5G37360	10.91,12.42,12.42,11.56,10.62,12.52,12.28,11.33,10.65,12.59,12.32,10.96
AT5G36910	10.89,13.29,13.59,12.42,10.65,13.23,13.39,11.41,10.38,13.41,13.53,11.25
AT5G35970	8.88,12.10,10.48,10.10,8.73,12.18,11.02,10.11,8.92,12.18,10.91,9.41
AT5G35460	7.85,8.75,8.86,6.83,7.58,8.58,8.77,6.73,7.42,8.74,8.42,6.60
AT5G35560	8.08,8.49,8.18,8.26,7.73,8.75,8.29,8.15,8.26,8.66,8.25,8.43
AT5G35735	6.68,7.31,9.04,8.24,6.63,7.53,8.52,8.47,7.71,7.73,8.31,7.98
AT5G24470	9.14,8.28,8.02,10.81,9.60,8.72,8.14,10.18,8.91,9.08,8.28,9.79
AT5G24490	14.01,13.97,13.68,14.36,13.96,13.97,13.83,14.22,14.14,14.03,13.93,14.18
AT5G24610	8.32,7.98,8.14,7.93,8.68,8.20,8.16,8.00,7.86,8.37,8.09,7.11
AT5G24530	7.52,7.81,7.64,8.54,7.62,7.71,7.35,8.35,7.53,7.84,7.27,7.67
AT5G24120	7.75,10.46,9.79,7.13,7.78,10.38,9.88,6.68,6.81,10.42,9.63,5.78
AT5G23730	5.15,5.81,5.99,4.52,5.00,5.27,5.95,4.70,4.67,5.25,5.74,5.00
AT5G23310	9.15,10.34,10.26,9.52,9.07,10.17,10.34,9.52,9.42,10.31,10.34,9.47
AT5G23440	11.33,11.56,11.90,11.17,11.04,11.35,11.47,11.08,10.96,11.39,11.44,10.83
AT5G23210	9.90,9.16,9.27,11.29,9.74,9.14,9.22,11.01,10.19,9.15,9.23,11.13
AT5G23240	6.75,9.44,11.27,10.36,7.64,9.43,10.73,9.98,7.91,9.79,10.82,10.28
AT5G23060	12.10,12.73,12.88,12.58,11.81,12.53,12.53,12.20,11.94,12.72,12.43,11.80
AT5G22500	8.76,7.97,7.78,8.59,8.67,7.92,7.19,8.48,10.23,7.93,7.61,8.52
AT5G22640	12.17,11.81,11.94,11.76,12.01,12.00,11.90,12.11,12.07,11.93,11.99,12.05
AT5G19140	13.45,13.58,13.56,13.63,13.21,13.48,13.23,13.25,13.43,13.41,13.47,13.44
AT5G22390	7.60,8.90,8.65,8.98,7.13,8.50,8.84,8.33,6.85,8.94,8.98,7.87
AT5G18590	10.94,10.92,10.62,11.54,10.97,11.07,10.92,11.56,11.23,10.94,10.88,11.64
AT5G18600	12.70,12.07,12.46,12.10,12.39,11.77,12.25,11.74,11.98,12.03,12.19,11.30
AT5G18680	9.31,9.04,8.90,9.55,9.20,9.08,9.22,9.69,9.24,9.16,9.26,9.99
AT5G18760	8.38,9.26,9.24,8.52,8.38,9.48,9.09,8.46,8.40,9.40,9.05,8.72
AT5G18660	10.26,12.29,12.33,11.68,9.61,12.45,12.29,11.50,10.48,12.71,12.46,11.21
AT5G18670	11.16,10.19,10.05,10.78,10.99,9.85,10.50,10.41,10.39,10.06,10.71,10.10
AT5G17700	3.15,4.20,3.94,3.91,3.24,4.29,4.03,3.92,3.54,4.12,4.12,3.99
AT5G17230	11.32,11.93,12.06,11.65,10.70,11.68,11.99,11.44,10.92,11.86,11.94,10.96
AT5G17300	12.38,10.18,9.82,10.27,12.23,9.98,10.09,10.36,11.67,10.12,10.39,9.44
AT5G16400	9.77,11.49,11.30,10.48,9.30,11.63,11.05,10.49,9.59,11.57,11.18,10.25
AT5G14270	10.33,10.06,9.68,11.06,10.76,10.39,9.83,11.03,10.81,10.34,9.96,11.17
AT5G14040	9.96,9.85,9.96,8.81,9.94,9.70,10.17,9.60,9.74,9.63,9.77,9.46
AT5G14120	13.28,10.66,10.81,12.82,13.13,10.50,11.08,13.16,12.45,10.54,10.84,12.82
AT5G13630	13.39,14.05,13.83,13.47,13.02,14.17,13.87,13.44,13.25,14.10,13.82,13.28
AT5G13640	8.01,8.73,8.34,7.95,7.84,8.92,8.50,7.89,7.76,8.71,8.42,7.75
AT5G13730	9.57,10.65,10.60,10.80,9.68,10.60,10.76,10.77,9.57,10.82,10.77,10.27
AT5G13770	11.53,11.96,11.21,11.17,11.39,12.27,11.58,11.54,11.25,12.28,11.49,11.27
AT5G12110	5.65,9.29,8.89,9.54,4.07,8.78,9.04,9.76,5.77,8.70,8.90,7.96
AT5G12840	9.25,9.49,9.24,8.69,9.52,9.55,9.47,9.07,9.30,9.53,9.26,8.91
AT5G12050	9.45,7.04,7.34,8.56,8.94,6.84,6.85,8.42,8.78,6.58,6.77,8.71
AT5G11790	8.30,10.09,10.12,9.19,8.79,10.06,10.09,9.22,8.93,10.24,10.20,9.33
AT5G11670	10.35,10.47,11.32,10.43,10.60,10.62,10.93,10.75,10.22,10.42,10.58,10.90
AT5G11610	2.12,2.31,2.21,2.21,2.18,2.25,2.21,2.13,2.21,2.26,2.21,2.21
AT5G11580	10.05,10.15,9.99,10.40,10.14,10.29,9.96,10.40,10.01,10.11,10.30,10.65
AT5G10860	12.97,12.29,12.49,12.60,12.69,12.29,12.21,12.48,12.82,12.40,12.34,12.67
AT5G11250	2.55,2.57,2.67,2.66,2.28,2.56,2.63,2.96,2.47,2.56,2.57,2.60
AT5G10470	9.83,11.38,11.19,10.37,9.72,11.32,11.17,10.39,9.98,11.22,11.17,10.14
AT5G10450	13.24,12.35,12.06,12.87,13.08,12.27,12.26,12.76,13.06,12.41,12.23,12.76
AT5G10290	8.74,8.58,8.82,8.71,8.76,8.72,8.70,9.53,8.44,8.61,8.52,9.32
AT5G08260	8.07,7.19,7.34,8.18,7.90,6.78,7.61,8.09,8.69,6.70,7.55,8.43
AT5G08100	10.98,10.68,10.71,10.80,11.13,10.68,10.80,10.97,11.10,10.64,10.59,11.04
AT5G07370	9.77,9.40,9.99,9.68,9.69,9.35,9.60,9.75,9.55,9.28,9.53,9.28
AT5G06690	10.48,9.38,10.41,9.39,10.37,9.71,9.55,9.87,10.10,9.64,9.63,9.86
AT5G06970	10.35,9.88,9.59,10.46,10.47,10.29,9.75,10.71,10.91,10.26,9.96,10.99
AT5G07000	7.07,4.72,4.85,5.94,7.24,4.10,4.85,5.59,6.36,4.42,4.77,5.93
AT5G06980	12.47,11.35,10.78,11.55,12.21,11.36,10.98,11.31,12.21,11.50,11.01,11.49
AT5G06530	10.25,9.31,8.76,8.89,10.24,9.43,9.05,9.10,10.35,9.51,8.63,8.79
AT5G06560	9.55,7.75,7.59,8.88,9.80,8.27,8.06,9.60,9.79,8.38,8.21,9.45
AT5G05100	12.68,11.64,11.45,12.69,12.86,12.04,11.66,12.93,12.72,11.86,11.63,12.91
AT5G04490	10.15,10.56,10.34,10.30,10.22,10.67,10.20,10.10,10.25,10.71,10.27,10.04
AT5G03760	7.11,7.58,7.56,6.04,7.07,7.66,7.78,6.59,7.46,7.74,8.01,7.30
AT5G03470	10.12,8.95,9.05,10.17,10.03,8.84,8.57,9.67,10.07,9.06,9.26,9.58
AT5G03650	9.97,11.27,10.57,10.59,9.71,11.48,11.07,10.86,10.21,11.47,11.20,10.93
AT5G03555	9.88,10.00,9.59,8.76,9.72,9.80,9.84,8.88,9.85,9.67,9.69,8.37
AT5G03350	4.81,7.56,9.20,7.05,5.46,7.37,7.99,6.69,5.05,7.08,8.06,6.55
AT5G02810	10.74,11.46,10.90,11.03,11.00,11.60,11.05,11.07,10.83,11.72,10.96,11.18
AT5G02840	11.26,9.89,9.42,9.45,11.12,9.88,9.67,10.17,11.06,10.01,9.59,9.76
AT5G02860	7.52,7.91,7.84,7.67,7.93,7.87,7.81,8.09,7.80,8.14,7.63,8.14
AT5G02280	9.32,9.62,9.55,8.33,9.24,9.63,9.43,8.09,9.42,10.03,9.31,8.26
AT5G02550	6.64,7.92,7.92,6.18,6.91,7.72,8.00,6.84,6.57,7.67,7.68,6.66
AT5G02120	11.86,12.48,12.50,12.18,11.50,12.20,12.26,11.71,11.69,12.44,12.32,11.37
AT5G02160	11.96,12.25,12.40,12.31,12.01,12.17,12.01,12.01,11.76,12.32,12.06,11.88
AT5G02240	12.29,12.69,12.87,12.93,12.17,12.68,12.85,12.80,12.57,12.70,12.84,12.94
AT5G02250	9.45,8.54,8.27,8.74,9.41,8.79,8.41,8.85,9.17,8.47,8.44,8.66
AT5G01790	5.53,6.79,7.61,4.56,6.20,6.42,6.59,4.74,6.13,6.63,7.00,5.43
AT5G01820	8.60,11.13,11.40,8.26,8.57,10.79,11.39,8.78,8.42,10.93,11.15,8.00
AT5G01740	13.46,10.96,10.64,13.08,13.19,10.96,11.08,12.48,12.76,10.73,10.95,12.59
AT5G01750	10.90,11.01,10.79,11.29,10.64,10.93,10.86,10.66,10.85,11.08,11.05,10.88
AT5G01530	14.65,14.83,14.74,14.90,14.49,14.85,14.77,14.82,14.77,14.86,14.87,14.67
AT5G01340	8.29,7.48,7.52,8.54,8.24,7.65,7.80,8.03,8.21,7.47,7.57,8.08
AT5G01260	6.59,8.93,8.72,6.90,6.66,8.43,8.96,6.87,6.91,8.72,8.84,6.07
AT5G01020	11.53,11.05,10.92,11.45,11.65,11.03,11.16,11.63,11.46,10.99,10.93,11.44
AT3G63160	10.35,11.16,12.33,10.97,10.20,11.21,12.03,11.22,10.02,11.28,11.90,10.79
AT3G62550	14.34,14.40,14.46,14.51,14.18,14.47,14.32,14.39,14.32,14.39,14.57,14.48
AT3G61890	10.14,10.81,10.06,9.20,10.55,10.67,10.05,9.25,10.34,10.81,9.92,9.31
AT3G61820	7.98,9.19,9.33,8.47,7.78,9.05,9.11,7.95,8.21,9.07,9.10,8.28
AT3G61150	8.05,7.37,7.58,8.50,8.56,7.33,7.58,8.31,8.00,7.26,7.51,7.88
AT3G61440	14.00,13.60,13.62,13.98,13.86,13.58,13.67,13.87,13.99,13.63,13.66,14.00
AT3G61600	9.83,8.99,8.97,9.32,9.99,9.08,9.13,9.47,9.38,9.30,8.75,9.35
AT3G60530	12.12,9.36,9.62,11.60,12.37,9.20,9.75,11.60,11.41,9.46,10.03,11.32
AT3G60250	10.76,8.98,9.23,9.83,10.39,9.02,9.05,10.06,10.62,9.03,8.97,9.97
AT3G60190	9.35,9.41,9.37,9.89,9.53,9.30,9.32,9.85,9.61,9.31,9.24,9.80
AT3G60080	9.06,8.58,8.92,7.31,9.10,8.30,8.90,7.81,8.32,8.36,8.42,7.38
AT3G59350	11.40,8.24,8.33,11.41,11.50,8.33,8.38,11.63,10.99,8.27,8.53,11.34
AT3G59060	12.36,12.00,11.87,12.34,12.39,11.88,12.05,12.09,12.00,12.07,11.95,12.20
AT3G59400	9.50,9.76,11.00,6.02,8.52,9.40,9.93,6.89,7.54,9.33,9.32,6.33
AT3G58680	14.52,14.27,14.33,14.67,14.51,14.20,14.14,14.35,14.54,14.33,14.21,14.40
AT3G57810	7.05,7.45,7.61,6.75,6.88,6.99,7.34,7.15,6.78,7.38,7.24,7.42
AT3G57880	6.27,5.96,5.94,6.61,6.19,5.97,6.09,6.46,6.19,5.86,5.82,6.33
AT3G57770	10.69,9.21,9.83,9.63,10.75,9.33,9.47,9.36,10.29,9.27,9.61,9.39
AT3G56940	13.79,14.03,14.14,13.81,13.59,14.01,13.90,13.51,13.55,13.96,13.98,13.42
AT3G57040	10.06,11.27,10.74,9.74,9.82,11.36,11.09,10.34,10.20,11.37,11.24,10.42
AT3G57030	7.60,8.37,8.22,8.24,6.94,8.22,8.62,8.06,6.99,8.29,8.32,7.95
AT3G56360	12.40,12.28,12.56,12.59,12.68,12.57,12.90,12.70,12.34,12.62,13.09,12.34
AT3G55830	10.08,9.48,9.65,10.26,9.99,9.29,9.46,9.92,10.22,9.51,9.59,9.98
AT3G55450	8.98,8.68,9.05,9.66,9.58,8.50,8.95,9.45,9.24,8.61,8.76,9.33
AT3G55390	3.96,3.24,3.43,4.27,3.54,3.52,3.51,4.06,3.41,3.27,3.46,3.08
AT3G54890	14.50,14.79,14.64,14.71,14.39,14.75,14.53,14.52,14.55,14.76,14.75,14.67
AT3G54900	10.01,10.59,10.82,9.75,9.46,10.49,10.44,9.28,9.60,10.94,10.63,9.39
AT3G55040	10.13,10.89,11.28,10.81,9.74,10.93,10.94,10.90,9.88,10.78,11.19,10.72
AT3G54660	10.70,11.28,10.57,10.59,10.13,11.20,10.80,10.59,10.47,11.27,10.81,10.28
AT3G54500	11.74,9.80,9.04,7.48,10.99,9.98,9.14,8.45,10.60,10.04,8.93,8.75
AT3G54120	7.51,7.07,6.97,7.43,7.60,6.84,6.98,7.41,7.72,6.67,7.31,7.84
AT3G53800	8.10,9.95,9.71,10.14,8.59,9.94,9.57,10.17,8.80,10.00,9.56,9.85
AT3G53470	11.99,12.09,12.20,11.75,11.37,12.01,12.05,11.45,11.74,12.09,11.90,11.39
AT3G53460	12.46,11.43,12.15,12.67,12.36,11.60,12.17,12.99,12.25,11.83,12.14,12.82
AT3G53420	12.24,12.19,12.27,11.18,11.99,11.89,12.00,10.95,11.96,12.01,11.97,11.02
AT3G52750	9.54,11.20,11.22,10.56,9.65,11.27,11.08,10.56,9.67,11.28,11.24,10.49
AT3G52070	10.07,10.38,10.14,10.96,10.37,10.09,10.50,10.29,9.74,10.29,10.66,10.46
AT3G51920	13.92,13.79,13.56,13.53,13.71,13.74,13.76,13.41,14.08,13.64,13.84,13.64
AT3G52500	10.69,10.06,10.14,11.23,10.46,9.66,10.24,10.86,10.43,9.56,10.26,10.68
AT3G51420	11.23,11.43,11.73,11.43,11.02,11.44,11.62,10.94,11.02,11.61,11.64,10.78
AT3G50750	8.91,8.74,8.60,9.26,9.24,8.58,8.89,8.81,8.29,8.59,8.41,8.28
AT3G50685	11.86,12.83,12.87,12.28,11.49,12.74,12.82,11.90,11.67,12.88,12.98,11.90
AT3G50210	8.75,8.43,8.01,8.71,8.97,8.49,8.11,8.83,9.31,8.76,8.20,9.22
AT3G48610	8.39,9.86,9.60,8.88,7.86,9.72,9.63,8.53,8.57,9.77,9.56,8.52
AT3G48360	12.29,9.42,10.64,11.87,11.98,9.06,10.57,11.75,11.98,9.72,11.20,11.76
AT3G47960	7.31,9.91,10.03,8.32,6.96,9.74,9.89,8.33,8.12,9.61,9.88,7.90
AT3G47860	11.74,12.26,12.55,12.61,11.77,12.14,12.56,12.52,11.98,12.30,12.62,12.36
AT3G47295	12.70,12.88,12.90,12.26,12.66,12.71,12.76,11.66,12.55,12.81,12.70,11.40
AT3G47420	8.95,8.37,8.22,4.48,9.31,8.65,9.37,5.09,8.64,8.26,8.37,7.02
AT3G47490	10.77,11.18,10.84,10.95,10.75,11.12,11.11,10.66,10.66,11.43,11.08,10.65
AT3G47500	10.13,11.01,10.78,9.15,10.22,10.90,11.21,8.68,9.90,10.89,10.59,8.39
AT3G47470	14.78,14.84,14.71,14.76,14.39,14.81,14.72,14.66,14.69,14.98,14.77,14.80
AT3G47160	10.83,10.98,11.03,10.58,11.11,11.03,10.54,10.83,11.00,11.09,11.05,10.83
AT3G46970	12.61,13.29,13.52,12.89,12.55,13.42,13.24,12.79,12.69,13.27,13.42,12.83
AT3G46640	8.24,5.26,6.97,8.87,8.50,5.21,6.87,8.74,7.96,5.00,7.20,8.32
AT3G46630	9.56,10.17,10.67,10.00,9.28,10.24,10.53,9.87,9.46,10.14,10.61,9.72
AT3G46670	7.10,10.16,10.49,7.77,6.66,9.93,10.45,7.23,7.46,10.14,10.24,7.37
AT3G46440	9.87,10.07,10.27,9.92,9.94,9.93,9.97,9.63,10.19,10.03,9.87,9.66
AT3G45900	8.39,8.77,8.88,7.73,7.80,9.01,8.61,8.52,8.26,9.01,8.47,8.32
AT3G46000	12.72,12.81,13.02,12.83,12.80,12.83,12.85,12.60,12.86,12.99,12.79,12.78
AT3G44100	10.77,11.92,11.77,10.96,10.64,11.62,11.66,10.70,10.82,11.73,11.61,10.59
AT4G39980	8.83,9.87,10.14,10.05,8.66,9.75,9.89,9.93,8.88,9.73,9.97,9.35
AT4G39910	7.66,5.85,5.50,4.31,7.17,5.55,5.68,6.27,6.68,5.29,5.04,5.59
AT4G39510	6.76,9.53,9.53,7.34,5.96,9.62,9.18,6.85,7.02,9.38,9.18,6.91
AT4G39090	13.65,13.14,13.09,13.87,13.64,13.11,13.27,13.64,13.70,13.15,13.23,13.65
AT4G38860	9.88,10.42,10.95,7.61,9.92,10.46,10.43,7.40,9.10,10.48,10.07,8.10
AT4G38850	9.16,8.90,9.06,7.50,8.49,8.65,8.49,6.46,8.42,8.51,8.41,7.66
AT4G38840	11.74,11.92,12.03,10.87,10.99,11.93,11.73,10.64,11.25,12.03,11.48,10.45
AT4G38550	9.42,8.42,8.63,10.81,9.60,8.31,8.95,10.88,10.11,8.31,8.66,10.59
AT4G38520	11.13,10.66,10.65,11.39,11.26,10.55,10.85,11.54,11.13,10.55,10.70,11.48
AT4G38160	10.16,10.14,10.20,10.30,9.98,10.10,10.15,10.13,9.89,10.10,10.31,9.99
AT4G37760	7.23,8.69,8.67,7.34,7.08,8.66,8.50,7.23,5.82,8.54,8.12,5.85
AT4G37870	11.77,10.87,10.98,11.52,11.82,11.00,10.92,11.70,11.89,11.25,10.69,11.87
AT4G37550	11.00,10.45,10.32,10.66,10.40,10.46,10.18,10.39,10.63,10.50,10.37,10.43
AT4G37300	14.45,14.48,14.72,14.59,14.45,14.48,14.45,14.52,14.68,14.52,14.55,14.57
AT4G36220	7.02,9.15,10.16,7.04,6.75,9.16,9.85,7.20,5.90,9.11,9.11,7.09
AT4G35830	11.64,11.27,11.43,11.55,11.47,11.38,11.35,11.66,11.53,11.40,11.11,11.82
AT4G35480	3.64,4.02,3.93,4.63,4.06,4.02,4.05,4.04,4.02,3.99,4.02,4.02
AT4G35090	13.85,13.82,13.82,13.79,13.75,13.79,13.73,13.40,13.74,13.87,13.79,13.47
AT4G35250	10.20,10.92,10.54,10.44,9.68,11.05,10.68,10.29,9.65,11.08,10.60,9.93
AT4G34720	10.30,10.32,10.33,9.74,9.80,10.30,10.36,9.33,9.78,10.50,10.38,9.67
AT4G34950	5.72,6.53,8.20,8.72,3.84,6.24,7.45,8.16,5.24,6.64,7.97,6.80
AT4G34920	10.35,11.33,11.62,10.33,10.09,11.24,11.08,10.06,10.30,11.32,11.14,9.81
AT4G34630	8.02,10.73,10.67,8.75,7.85,10.54,10.96,8.78,7.89,10.62,10.84,8.55
AT4G34350	12.98,13.18,12.69,12.74,12.81,13.32,12.78,12.84,12.98,13.49,12.79,12.87
AT4G34588	8.41,9.11,9.95,9.67,8.35,9.04,9.82,9.54,8.93,9.11,9.99,9.48
AT4G34000	9.63,10.43,9.80,8.71,9.63,10.47,9.88,9.29,10.35,10.57,9.83,9.63
AT4G34250	6.34,7.33,7.88,6.80,6.86,7.10,7.28,6.74,6.00,7.44,7.46,6.22
AT4G33666	9.89,12.01,12.14,10.30,9.63,11.86,12.23,10.39,9.41,12.01,12.27,9.43
AT4G33670	10.20,10.20,9.91,10.58,10.17,10.37,10.35,10.60,10.29,10.36,10.29,10.50
AT4G33980	8.28,4.29,5.78,9.86,9.27,4.67,4.50,9.98,8.11,5.97,5.66,9.82
AT4G33490	12.82,12.38,12.57,12.49,12.68,12.30,12.60,11.99,13.07,12.25,12.71,12.58
AT4G33420	7.05,5.60,6.14,8.12,7.24,5.71,6.03,6.82,7.38,5.76,5.89,7.50
AT4G33510	12.02,12.41,12.37,12.57,11.85,12.40,12.32,12.47,12.04,12.31,12.34,12.31
AT4G33500	10.19,11.14,11.25,10.97,10.23,11.30,11.07,10.85,10.47,11.43,11.27,10.87
AT4G33470	9.96,11.27,11.29,10.71,10.26,11.24,11.13,10.76,10.45,11.34,11.21,10.75
AT4G33700	9.21,9.90,10.79,9.44,8.92,9.79,10.26,9.28,9.36,9.72,10.38,9.03
AT4G33010	12.21,13.90,13.98,13.50,11.96,13.83,13.86,13.37,12.51,13.74,13.91,13.08
AT4G32770	6.53,9.12,8.33,8.24,6.50,9.33,8.42,8.22,5.69,9.14,8.32,7.45
AT4G32340	11.91,11.91,12.42,12.29,12.15,11.75,11.93,11.66,11.92,11.97,11.99,11.86
AT4G32190	9.33,9.85,9.33,9.49,9.27,9.90,9.56,9.97,9.38,10.04,9.45,9.19
AT4G32400	7.31,6.87,7.09,7.69,7.29,6.87,7.13,7.56,7.03,6.84,7.07,7.39
AT4G31730	6.30,6.15,6.51,6.68,6.59,6.51,7.01,6.58,5.84,6.18,6.51,6.99
AT4G31050	6.30,6.24,6.66,7.08,5.67,6.30,6.30,6.30,6.20,6.42,6.41,6.30
AT4G31140	8.94,8.21,8.09,7.76,9.13,8.33,8.18,7.94,8.62,8.11,8.20,8.23
AT4G30660	11.92,12.55,13.22,12.11,11.77,12.47,12.81,11.60,11.89,12.58,12.89,11.87
AT4G30690	10.72,10.98,11.17,11.10,10.90,11.07,10.86,11.11,10.87,11.27,10.97,11.38
AT4G30810	7.62,9.32,9.14,8.47,7.54,9.39,9.30,8.57,7.83,9.30,9.02,8.73
AT4G30530	9.44,11.34,11.20,10.92,9.56,11.14,11.51,10.31,10.25,11.14,11.45,10.41
AT4G30600	10.18,10.12,10.00,9.78,10.48,10.24,10.23,10.52,10.49,10.22,10.26,10.57
AT4G30650	10.19,11.39,12.54,10.79,9.99,11.40,11.67,10.15,11.01,11.46,12.03,10.64
AT4G30500	6.94,6.56,6.49,7.26,6.82,6.07,6.41,7.19,7.19,6.32,6.49,7.06
AT4G30470	10.19,10.25,9.71,10.11,10.16,10.05,10.16,9.71,10.35,9.82,10.34,9.91
AT4G29840	11.17,10.26,10.77,10.36,11.16,10.52,10.48,10.38,10.99,10.57,10.73,10.25
AT4G29070	10.15,11.80,11.81,10.28,9.83,11.51,11.48,10.16,10.08,11.78,11.68,9.65
AT4G29010	11.03,11.52,11.33,11.11,10.96,11.60,11.32,10.88,11.39,11.49,11.43,11.07
AT4G28290	10.66,11.79,12.05,11.25,10.92,11.63,12.29,11.05,9.92,11.68,12.58,10.63
AT4G27700	10.91,12.98,12.80,11.36,10.70,12.90,12.79,11.29,10.97,13.19,12.85,11.17
AT4G27560	2.86,5.35,5.15,3.28,2.48,5.64,5.39,3.78,2.86,5.36,5.05,4.08
AT4G27710	8.32,10.38,9.63,8.93,8.03,10.21,9.74,8.39,8.46,10.39,9.69,8.37
AT4G27130	13.82,12.31,13.02,13.26,13.78,12.16,12.44,13.11,13.79,12.23,12.51,13.04
AT4G27260	10.61,8.78,8.75,8.50,10.69,8.34,9.00,8.79,10.45,8.31,8.58,9.06
AT4G27320	10.48,10.16,10.14,9.88,10.54,10.04,9.89,9.89,10.35,10.02,9.82,9.96
AT4G27350	7.08,5.79,5.54,7.34,6.92,5.57,5.78,6.87,6.63,5.76,5.77,6.69
AT4G26860	10.98,10.95,11.05,10.72,10.52,10.83,10.81,10.79,10.79,10.90,10.86,10.63
AT4G26400	12.48,10.59,10.30,12.00,12.33,10.66,10.59,11.99,12.40,10.51,10.86,12.04
AT4G26530	11.43,14.03,13.87,13.05,11.20,13.78,13.76,13.18,11.21,13.97,13.65,12.40
AT4G26670	9.49,9.29,9.88,10.02,9.72,9.18,9.53,9.94,9.51,8.62,9.71,9.99
AT4G26130	9.55,10.45,10.76,10.07,9.49,10.14,10.31,9.23,9.20,10.03,10.33,9.31
AT4G25970	11.44,10.35,10.19,10.87,11.57,10.58,10.13,11.23,11.59,10.51,10.21,11.23
AT4G25500	12.43,11.13,10.99,11.93,12.86,11.24,10.77,12.09,12.71,11.28,10.78,12.11
AT4G25130	11.47,12.51,12.74,12.60,11.26,12.49,12.61,12.32,11.46,12.60,12.62,12.02
AT4G24690	11.42,11.03,11.05,11.46,11.64,11.21,10.96,11.36,11.71,11.02,11.05,11.47
AT4G24700	8.55,8.91,8.61,7.28,8.12,8.29,8.54,7.01,7.48,8.33,8.32,6.09
AT4G24350	5.51,8.20,8.62,7.00,5.25,8.01,8.31,6.92,5.51,8.36,8.27,6.68
AT4G24340	10.66,12.69,12.76,12.11,10.60,12.68,12.82,12.19,11.22,12.73,12.95,12.04
AT4G23290	6.70,8.17,7.39,6.77,6.47,8.14,7.48,6.30,5.79,8.17,7.30,5.97
AT4G23470	11.36,10.07,10.07,10.87,11.40,9.92,10.08,11.14,11.20,9.95,9.99,10.95
AT4G23060	8.52,6.79,6.94,8.72,8.37,6.54,6.54,8.00,8.25,6.46,6.51,7.88
AT4G22890	12.80,13.68,13.67,13.46,12.10,13.61,13.55,13.22,12.78,13.82,13.77,13.17
AT4G22570	9.39,10.64,10.24,10.50,9.35,10.48,10.32,10.33,9.30,10.63,10.32,10.32
AT4G22190	12.20,11.36,11.37,10.76,12.04,10.99,11.47,10.74,11.88,10.92,11.19,10.89
AT4G21450	11.83,11.31,11.10,11.93,12.16,11.23,11.24,11.81,12.04,11.21,11.25,11.83
AT4G20890	11.55,10.49,10.85,11.00,11.24,10.51,10.68,10.98,11.27,10.35,10.80,10.99
AT4G21210	10.52,11.82,11.61,11.42,10.38,11.86,11.64,11.34,10.45,11.91,11.73,10.95
AT4G20380	10.88,9.68,9.33,10.73,11.04,9.75,9.64,10.85,10.86,9.55,9.44,10.65
AT4G20760	7.86,9.53,9.31,9.29,8.12,9.43,9.42,9.12,8.03,9.51,9.46,8.89
AT4G19110	11.60,11.66,11.77,11.05,11.56,11.70,11.56,11.40,11.60,11.58,11.34,11.52
AT4G19170	9.25,11.54,10.99,9.11,9.30,11.41,11.20,8.51,8.95,11.52,11.01,8.88
AT4G19410	13.31,12.51,12.91,13.30,13.22,12.39,12.66,13.40,13.32,12.50,12.54,13.31
AT4G18930	11.43,12.11,11.99,11.92,11.68,12.11,12.09,11.81,12.02,12.14,11.97,12.06
AT4G18700	11.29,9.69,10.07,10.66,11.45,10.79,10.39,11.43,11.43,10.89,10.65,11.92
AT4G18530	5.14,5.31,5.22,5.29,4.98,5.49,5.29,5.37,5.28,5.73,5.28,5.51
AT4G18240	8.50,9.91,10.31,9.21,8.36,10.07,10.12,9.30,8.46,10.14,10.01,9.48
AT4G18390	8.84,9.67,9.97,8.16,9.05,9.50,9.73,8.75,8.61,9.63,9.54,8.30
AT4G18130	9.05,10.16,9.84,9.67,9.31,10.26,9.94,9.83,9.74,10.28,9.84,9.87
AT4G17840	9.79,10.88,10.71,9.88,9.66,10.92,10.84,9.79,9.76,10.85,10.91,9.22
AT4G13510	7.25,6.07,7.38,7.21,6.91,6.05,7.03,7.93,6.56,6.29,6.91,6.91
AT4G12980	5.93,9.76,9.11,6.35,6.52,9.79,9.28,7.28,5.72,10.15,9.10,7.37
AT4G13250	10.26,10.68,11.13,10.67,10.18,10.65,10.87,10.73,10.42,11.03,10.99,10.84
AT4G12800	13.99,14.28,14.36,14.08,13.72,14.26,14.18,14.02,13.73,14.31,14.15,13.73
AT4G13010	10.50,10.99,10.62,10.13,10.30,11.02,10.64,9.99,10.47,11.10,10.49,9.66
AT4G12390	10.81,11.01,11.41,10.85,10.65,10.85,11.29,10.89,10.45,10.82,11.08,10.55
AT4G12590	11.50,11.41,11.51,11.51,11.47,11.38,11.24,11.14,11.38,11.48,11.38,11.33
AT4G12310	9.05,11.54,12.19,9.87,8.94,11.56,11.84,10.25,8.98,11.46,11.89,9.85
AT4G12060	10.96,11.65,11.94,11.55,10.64,11.65,11.65,11.09,10.78,11.78,11.66,11.24
AT4G11570	10.55,11.98,11.71,10.54,10.67,12.19,11.80,10.56,10.61,12.29,11.76,10.22
AT4G11600	12.71,13.38,13.59,12.93,12.62,13.30,13.10,12.53,13.08,13.31,13.42,12.71
AT4G11740	7.19,7.26,7.19,6.91,7.18,7.33,7.20,7.19,7.18,7.34,7.19,7.19
AT4G11360	8.16,7.57,8.53,7.17,8.06,7.37,8.51,7.48,7.34,7.69,8.42,7.21
AT4G10340	14.54,14.66,14.69,14.68,14.26,14.56,14.53,14.38,14.46,14.73,14.58,14.53
AT4G10610	10.41,9.46,9.45,10.01,10.48,9.68,9.20,10.11,10.42,9.82,9.45,10.02
AT4G10330	7.54,7.34,7.28,7.31,7.47,7.78,7.61,7.67,7.32,8.12,7.38,7.85
AT4G08930	10.88,9.90,9.76,10.72,10.33,9.64,9.67,10.21,10.25,9.68,9.66,9.91
AT4G08870	8.79,9.51,9.53,8.84,8.21,9.54,9.50,8.48,8.69,9.94,9.46,8.27
AT4G09020	8.36,9.32,9.49,9.41,8.51,9.59,9.17,9.30,9.14,9.58,9.61,9.56
AT4G09010	12.88,13.61,13.24,13.31,12.61,13.50,13.39,13.21,12.80,13.55,13.60,13.20
AT4G05330	7.96,6.62,7.41,7.45,8.08,6.53,6.53,8.36,7.37,6.38,6.79,7.92
AT4G04610	8.90,11.59,11.90,7.70,8.64,11.94,12.05,8.32,9.66,11.82,12.30,8.46
AT4G04840	8.83,11.77,12.06,10.48,8.69,11.45,11.76,10.18,8.57,11.51,11.95,9.83
AT4G04850	6.17,7.69,7.84,5.09,5.90,7.52,7.51,5.25,6.15,7.72,7.39,5.19
AT4G04330	10.57,12.05,12.01,12.03,10.56,12.22,11.84,12.03,10.84,12.46,11.84,11.96
AT4G04340	8.79,9.82,9.58,9.52,8.86,9.96,9.55,9.50,9.16,10.03,9.69,9.55
AT4G03520	12.74,13.15,13.33,13.22,12.60,13.05,12.90,12.67,12.81,13.01,13.24,12.78
AT4G03400	7.12,8.98,9.01,8.59,7.03,9.23,9.07,8.93,7.16,9.08,8.96,7.86
AT4G03150	8.89,10.16,10.41,10.09,8.92,9.91,10.04,9.66,8.50,9.92,10.13,9.34
AT4G03080	8.34,8.32,8.08,8.30,8.44,8.35,8.13,8.32,8.36,8.27,8.32,8.39
AT4G02770	13.59,13.65,13.91,13.63,13.05,13.60,13.68,13.31,13.41,13.76,13.66,13.38
AT4G02480	12.34,11.58,11.49,11.12,12.73,11.76,11.34,12.06,12.84,11.75,11.41,12.13
AT4G02370	10.67,9.26,9.28,9.58,10.79,9.23,9.38,9.98,10.00,9.33,9.50,9.89
AT4G02380	14.30,10.73,10.53,13.54,13.87,10.73,10.86,13.18,14.06,10.73,10.96,13.39
AT4G02510	11.40,10.74,11.07,10.71,11.35,10.89,10.94,11.37,11.26,10.96,10.58,11.27
AT4G02420	8.32,9.17,9.26,7.64,8.28,9.00,9.45,7.10,8.20,9.26,9.43,7.28
AT4G02260	9.17,10.53,10.35,9.80,9.46,10.57,10.53,10.02,9.65,10.64,10.37,9.78
AT4G02340	8.58,8.97,8.87,9.47,8.51,9.11,8.99,9.23,8.78,9.04,8.87,9.24
AT4G00880	6.02,7.64,8.40,7.05,5.27,7.46,7.82,6.39,4.94,7.79,7.54,6.17
AT4G00895	11.55,11.89,12.23,12.08,11.30,11.64,12.09,11.38,11.08,11.69,12.05,10.98
AT4G00370	8.94,9.54,9.69,8.72,8.64,9.74,9.71,8.79,8.91,9.68,9.60,8.70
AT1G32080	9.35,11.59,12.07,11.04,8.74,11.60,11.79,11.15,8.81,11.59,11.88,10.64
AT1G25550	11.23,10.46,10.57,11.42,11.51,10.55,11.19,11.49,10.96,10.45,11.19,11.44
AT1G25520	9.13,9.00,9.02,9.25,9.14,8.97,8.83,9.46,8.88,8.81,9.10,9.43
AT1G18620	10.09,10.27,9.68,10.44,10.13,10.23,9.76,10.64,9.75,10.38,9.61,10.60
AT2G33250	10.78,11.18,11.24,10.96,10.38,10.94,11.04,10.55,10.33,11.11,10.91,10.14
AT2G33480	6.49,6.52,6.32,6.16,6.53,6.51,6.51,6.52,6.99,6.73,6.60,6.52
AT1G66970	10.25,10.64,10.72,10.13,9.76,10.32,10.61,9.95,9.91,10.31,10.75,9.65
AT1G22370	7.46,8.00,8.10,7.75,7.67,8.08,7.71,7.75,7.54,8.22,7.91,7.66
AT1G22070	6.83,8.27,8.05,8.34,7.05,8.37,8.34,8.10,7.45,8.43,8.38,8.08
AT1G33970	11.59,11.96,12.09,11.12,11.53,12.39,12.10,11.83,11.92,12.35,12.36,11.93
AT1G29910	14.47,14.19,14.33,14.21,14.05,14.19,14.08,14.15,14.38,14.31,14.28,14.22
AT1G29900	11.84,10.45,11.03,10.67,11.34,10.35,10.70,10.47,11.39,10.06,10.53,10.54
AT1G58290	11.93,12.50,11.59,12.12,11.54,12.39,11.95,11.99,11.78,12.76,11.90,11.85
AT1G07110	12.53,12.37,12.55,12.00,12.60,12.23,12.34,12.16,12.26,12.29,12.32,12.11
AT1G07180	7.35,9.01,7.58,8.25,6.63,8.93,7.83,8.03,6.39,9.25,7.93,6.72
AT1G18150	8.18,8.49,9.06,7.01,8.21,8.43,8.78,7.69,7.93,8.56,8.54,7.56
AT1G18060	11.41,12.19,12.08,11.58,10.74,12.21,12.09,11.31,10.97,12.16,12.21,10.94
AT1G20696	10.92,10.71,11.33,9.19,10.99,10.72,10.81,10.28,10.87,11.04,10.83,10.30
AT1G16840	9.28,9.36,9.58,9.23,9.12,9.29,9.31,8.70,9.17,9.54,9.42,8.82
AT3G08510	11.83,12.55,12.50,12.27,11.83,12.75,12.29,12.25,12.22,12.78,12.46,12.56
AT1G51805	8.04,10.20,10.44,9.80,8.35,10.34,10.37,9.99,8.61,10.54,10.38,9.72
AT1G51680	7.43,9.69,9.83,7.18,7.63,9.48,9.53,7.51,7.60,9.54,9.49,7.71
AT1G56300	11.20,11.23,11.50,11.85,11.54,11.35,11.41,11.72,11.19,11.52,11.51,11.77
AT3G12580	4.49,8.58,8.42,8.23,5.29,8.24,8.19,8.73,3.78,8.22,7.97,6.28
AT3G12290	11.95,12.12,12.04,12.12,12.01,12.08,11.96,11.97,12.16,12.10,12.09,11.99
AT3G12320	12.90,11.98,11.44,9.63,12.51,11.84,11.57,9.23,12.71,11.83,11.49,9.91
AT3G12080	10.98,10.17,10.06,10.89,10.86,10.24,10.16,10.80,11.07,10.12,10.32,10.73
AT1G69490	8.35,8.94,6.14,7.40,8.74,8.36,7.84,7.75,8.95,8.66,7.93,7.95
AT1G30360	11.79,11.52,11.83,11.78,11.62,11.42,11.55,12.14,11.58,11.56,11.56,11.74
AT1G72030	12.77,13.33,13.48,12.33,12.55,13.08,13.25,12.06,12.74,13.07,13.25,11.79
AT3G06170	11.29,11.31,11.38,11.22,11.25,11.44,11.15,10.94,11.34,11.36,11.23,10.85
AT3G10940	9.27,11.99,12.03,11.17,8.97,12.03,12.00,11.10,9.73,12.13,12.11,10.87
AT1G75180	11.64,10.69,10.82,10.76,11.69,10.60,10.66,10.88,11.44,10.60,10.86,10.77
AT1G32540	10.84,10.36,10.33,9.18,10.66,10.34,10.11,8.95,10.60,10.35,10.10,10.00
AT1G66130	9.53,10.00,9.75,8.90,9.43,9.95,10.01,8.76,9.35,9.97,9.78,8.62
AT1G42550	11.25,10.34,10.28,10.96,10.97,9.97,10.35,10.65,10.76,10.08,10.19,10.14
AT3G14770	4.47,3.06,4.32,2.70,4.37,3.23,4.47,3.53,2.77,3.14,4.01,2.92
AT3G28270	3.87,8.00,7.84,4.63,2.50,7.93,8.07,5.80,3.15,8.02,7.60,4.27
AT3G18850	6.72,7.92,7.79,7.85,6.87,7.74,7.65,7.38,7.42,7.86,7.79,7.87
AT2G34090	5.23,5.49,5.96,5.53,5.49,5.78,5.59,5.56,5.49,5.57,5.84,5.75
AT3G29320	10.50,11.98,11.76,11.81,10.41,12.26,11.75,11.68,11.01,12.30,11.81,11.79
AT3G27170	4.58,5.23,4.14,4.22,4.38,5.09,4.28,3.76,4.69,4.71,4.28,3.51
AT3G13670	9.95,9.35,9.41,9.45,10.01,9.33,9.32,9.60,9.91,9.42,9.33,9.42
AT3G22210	10.49,12.02,12.26,11.25,10.22,11.81,12.13,11.14,10.24,11.66,12.13,10.46
AT3G21390	8.12,8.84,9.16,7.30,7.77,8.64,8.64,7.40,7.54,8.52,8.60,7.25
AT3G22190	8.01,8.12,8.13,7.85,8.12,8.29,8.18,8.58,8.20,8.43,8.14,8.51
AT3G23920	9.17,10.73,10.10,9.77,9.26,10.60,10.44,9.80,9.60,10.65,10.07,9.38
AT3G26450	9.42,10.74,10.96,9.41,9.19,10.62,10.67,9.13,9.74,10.73,10.85,9.70
AT3G19030	11.91,10.85,11.47,11.60,11.83,10.71,11.43,11.47,11.27,10.59,11.42,11.06
AT3G19000	9.50,10.41,10.68,9.27,9.16,10.25,10.51,9.31,9.43,10.38,10.70,9.08
AT3G21870	9.48,8.23,7.97,8.16,9.41,8.02,8.55,8.23,8.43,8.23,8.43,7.16
AT3G23880	8.18,8.32,8.62,9.84,8.69,8.02,8.85,9.58,7.24,8.28,8.82,8.82
AT3G18930	3.74,3.29,3.33,3.32,4.15,3.20,3.36,3.63,3.50,3.29,3.27,3.21
AT3G22530	10.27,10.78,10.98,10.07,10.06,10.44,10.95,9.79,9.96,10.45,10.76,9.73
AT3G13520	13.01,11.63,11.95,12.56,12.76,11.31,12.14,12.54,12.57,11.40,12.08,12.48
AT3G21060	5.92,6.75,6.62,6.74,6.12,6.76,6.87,6.71,5.96,6.96,6.71,6.75
AT3G13470	9.78,11.90,11.80,11.76,9.86,11.93,11.91,11.83,10.17,11.97,12.06,11.58
AT3G14067	9.54,11.66,11.39,10.03,9.85,11.36,11.54,9.91,10.22,11.50,11.38,9.67
AT3G19100	9.58,9.09,8.78,9.38,9.79,9.32,9.14,9.95,9.99,9.05,8.98,9.92
AT3G19720	9.02,10.04,9.42,9.52,8.98,9.91,9.42,9.57,9.39,10.05,9.47,9.63
AT3G20240	6.47,6.85,7.27,6.15,6.57,6.70,7.16,6.23,6.23,6.66,7.13,5.91
AT3G20230	8.67,9.07,8.85,8.63,8.80,9.16,8.74,8.68,8.68,9.12,9.09,8.67
AT3G28860	10.86,10.28,10.05,9.95,10.72,10.34,10.04,10.04,10.90,10.30,9.91,10.52
AT3G27300	7.21,7.80,8.17,6.73,7.38,8.06,8.15,7.47,7.42,8.10,7.72,7.63
AT3G27210	5.51,5.31,5.12,6.84,6.29,5.98,5.37,6.78,7.41,5.83,5.27,7.16
AT3G23810	7.13,9.25,9.19,7.28,6.71,8.91,9.10,7.04,7.21,9.03,9.20,7.51
AT3G16520	11.19,12.29,11.98,11.27,11.29,12.23,12.18,10.98,11.24,12.42,12.15,11.11
AT3G15090	7.60,8.49,8.19,7.30,7.68,8.83,8.47,7.32,7.67,8.60,8.41,7.63
AT3G14930	9.34,10.72,10.45,9.72,9.07,10.79,10.49,9.96,9.31,10.92,10.49,9.69
AT3G27820	10.22,11.62,11.38,11.06,10.02,11.56,11.48,11.01,10.43,11.73,11.49,10.78
AT3G24170	11.48,11.54,11.61,10.63,11.30,11.66,11.56,10.54,11.36,11.67,11.45,10.79
AT3G24190	9.71,10.54,10.30,10.09,9.49,10.52,10.29,9.92,9.47,10.54,10.09,9.31
AT3G15570	10.45,11.78,11.26,11.35,10.52,11.60,11.33,11.03,10.81,11.69,11.49,10.88
AT3G26570	11.15,12.46,12.23,11.04,11.01,12.42,12.39,11.23,10.97,12.23,12.22,10.67
AT1G05690	3.61,4.41,3.73,3.66,3.47,3.83,4.23,3.72,3.24,3.93,4.20,3.55
AT1G29440	10.57,9.65,9.97,9.04,9.52,9.11,9.64,8.33,9.57,8.90,9.81,8.68
AT1G69040	9.77,9.97,10.11,10.25,9.65,10.10,10.34,10.33,10.17,10.19,10.31,10.96
AT3G10840	8.35,10.84,10.79,9.58,8.24,10.77,10.71,9.25,8.63,10.91,10.75,9.01
AT3G24760	6.84,6.88,7.69,6.24,7.03,7.11,7.24,7.00,6.66,6.89,7.61,7.00
AT3G26580	11.11,10.87,11.26,10.64,11.13,10.98,10.73,11.34,11.36,11.10,11.15,11.25
AT3G26290	8.87,12.16,11.64,9.43,8.83,12.08,11.83,8.98,9.10,12.12,11.40,9.07
AT3G25805	8.73,9.37,9.66,9.04,8.05,9.36,9.15,9.01,8.37,9.44,9.28,8.15
AT3G16800	8.73,8.17,7.85,8.17,8.96,8.27,8.08,8.06,8.41,8.28,8.13,8.29
AT3G20300	8.20,7.85,8.58,7.62,8.10,7.45,8.37,7.79,7.68,7.94,8.10,7.15
AT3G13290	10.21,8.85,9.58,8.68,9.87,8.84,9.26,9.02,9.43,8.69,8.71,8.81
AT3G27350	10.17,9.70,9.64,8.90,9.82,9.75,9.66,9.07,9.91,9.80,9.71,9.19
AT3G18440	7.25,7.89,7.87,8.24,7.30,8.18,7.95,8.09,7.56,8.05,7.89,8.07
AT3G18490	10.81,11.86,11.78,10.51,10.63,11.56,11.67,9.93,10.67,11.48,11.63,9.84
AT3G18420	10.72,11.08,11.27,10.73,10.52,11.00,10.99,10.42,10.62,11.21,10.82,10.15
AT3G18780	13.40,12.53,12.91,12.51,13.43,12.35,12.84,13.01,13.27,12.38,12.56,12.77
AT3G18680	10.64,11.40,11.11,10.81,10.52,11.53,11.37,10.79,10.75,11.36,11.39,10.77
AT3G23030	13.04,11.50,11.83,12.62,12.62,11.37,11.63,12.38,12.96,11.39,11.68,12.50
AT3G23000	13.29,13.19,13.52,12.39,12.84,13.11,13.31,12.46,13.04,13.04,13.20,12.69
AT3G27090	11.53,11.21,11.05,11.07,11.29,11.15,10.87,11.08,11.42,11.30,10.88,11.02
AT3G27050	12.16,12.35,12.45,12.07,11.77,12.17,12.14,11.67,11.63,12.19,12.17,11.39
AT3G26740	13.64,13.44,13.57,13.55,13.28,13.34,13.39,13.24,13.55,13.42,13.47,13.55
AT3G13040	12.24,12.55,12.23,11.91,12.04,12.60,12.35,11.80,12.19,12.60,12.32,11.80
AT3G12920	11.00,9.96,9.83,11.38,10.74,9.63,9.68,10.52,10.67,9.72,9.82,10.80
AT3G13062	11.16,11.17,10.58,11.47,11.24,10.98,10.92,11.18,11.22,11.12,11.13,11.36
AT3G25070	10.71,9.93,10.15,10.37,10.60,9.94,10.15,10.32,10.73,10.09,10.25,10.46
AT3G17090	11.14,9.99,9.88,10.84,11.15,9.80,10.08,10.78,11.06,9.71,9.90,10.65
AT3G17020	12.95,12.79,12.67,13.10,12.94,12.73,12.68,12.84,13.28,12.74,12.81,12.95
AT3G23280	11.64,11.81,11.84,11.98,11.89,11.81,11.80,11.94,11.80,11.87,11.76,12.01
AT3G17040	10.24,11.58,10.91,10.63,10.17,11.68,11.16,10.73,10.49,11.75,11.15,11.03
AT3G19910	12.51,11.30,11.26,12.46,12.40,11.14,11.38,12.12,12.49,11.47,11.46,12.03
AT3G20800	8.90,7.81,7.98,7.77,8.89,8.10,7.94,7.86,8.33,8.07,7.86,7.76
AT3G20810	5.41,3.38,3.35,3.66,5.00,3.34,2.93,4.12,5.53,3.34,3.38,4.26
AT3G19860	11.54,9.74,9.53,11.36,11.45,9.67,9.66,11.29,11.06,9.74,9.49,11.16
AT3G19370	6.55,8.28,8.08,7.97,5.99,8.59,8.29,7.89,7.62,8.75,8.23,8.70
AT3G19490	9.09,9.78,9.54,9.20,9.16,9.78,9.53,9.12,9.05,9.71,9.56,9.00
AT3G16250	11.59,13.39,13.54,12.41,11.30,13.22,13.40,12.27,11.34,13.18,13.50,11.76
AT3G25910	12.23,10.29,10.34,11.58,11.79,10.27,10.29,11.39,11.79,10.36,10.49,11.56
AT3G25890	7.41,6.68,7.15,7.03,7.55,6.60,6.87,7.81,6.84,6.58,6.14,7.21
AT3G18080	11.02,11.64,12.08,10.78,10.94,11.79,11.66,10.35,11.52,12.01,11.88,11.08
AT3G17930	12.29,13.13,13.16,12.73,12.36,13.19,12.99,12.68,12.45,13.30,13.18,12.46
AT3G21670	8.95,10.09,10.55,6.20,8.65,9.87,10.77,6.23,7.80,10.03,10.26,5.42
AT3G17800	12.50,12.83,12.45,12.18,12.43,12.70,12.53,12.12,12.65,12.97,12.42,11.98
AT3G13980	7.07,6.43,6.52,6.99,7.19,5.95,6.50,7.12,6.67,5.91,5.94,6.87
AT3G14060	5.11,5.05,5.20,6.46,5.69,5.11,5.40,6.74,4.59,4.66,5.11,5.02
AT3G15840	12.28,13.18,13.37,12.56,12.10,13.16,13.15,12.46,12.34,13.33,13.10,12.45
AT3G27690	13.26,14.50,14.25,13.42,12.51,14.45,14.18,12.92,13.03,14.68,14.11,13.03
AT3G27770	12.68,11.86,11.90,12.44,12.39,11.90,11.81,12.36,12.60,11.93,11.74,12.55
AT3G23400	10.66,12.20,12.39,11.52,10.27,12.10,12.10,11.29,10.65,11.97,12.14,10.90
AT3G23300	9.73,9.36,9.45,9.79,9.42,9.03,9.49,9.17,9.44,9.31,9.52,9.35
AT3G23410	6.76,9.62,9.78,8.99,6.86,9.74,9.65,8.75,6.79,9.98,9.40,7.80
AT3G16180	9.95,8.88,8.37,10.68,9.95,9.05,8.88,10.59,9.97,8.99,8.87,10.74
AT3G17609	11.10,10.97,10.90,7.65,10.96,10.72,10.92,8.55,10.53,10.67,10.74,6.78
AT3G14310	9.63,9.49,10.01,11.51,9.57,9.32,9.90,11.11,9.70,9.22,9.72,11.01
AT3G22380	9.41,8.92,8.92,9.67,9.08,8.80,8.76,9.52,9.17,8.99,8.84,9.08
AT3G22420	10.04,10.24,10.26,10.15,9.88,10.43,10.44,10.82,9.92,10.84,10.35,10.33
AT3G17330	5.62,8.75,8.22,7.31,6.03,8.62,8.72,7.23,6.46,8.75,8.37,7.24
AT3G06070	10.92,10.81,11.34,11.53,10.39,10.30,11.17,11.02,10.27,10.62,11.33,10.98
AT3G02630	10.74,10.45,10.82,9.97,10.82,10.36,10.43,9.79,10.74,10.48,10.38,10.07
AT3G02380	10.48,9.49,8.08,7.90,9.73,9.28,8.68,7.69,9.85,9.56,8.51,7.36
AT3G02468	12.32,12.01,12.28,11.72,12.15,11.79,11.98,11.75,11.63,11.98,11.74,11.32
AT3G06760	7.74,7.87,7.32,8.20,7.42,7.67,7.58,7.75,7.64,7.52,7.95,7.49
AT3G06750	7.47,7.40,7.76,6.57,7.25,6.84,7.18,6.48,7.18,7.16,7.74,6.12
AT3G02870	9.64,11.56,11.46,10.03,9.94,11.60,11.59,9.88,10.03,11.74,11.34,10.10
AT3G02720	10.13,11.31,10.65,10.69,10.17,11.42,10.58,10.46,10.63,11.58,11.01,10.30
AT3G07870	11.24,8.93,9.68,10.85,11.03,9.35,9.52,11.04,10.61,9.52,9.54,10.59
AT3G08730	10.86,10.38,10.34,9.94,10.71,10.56,10.23,10.33,10.68,10.50,10.16,10.11
AT3G11900	8.46,9.08,8.20,8.32,8.62,9.12,8.51,7.99,8.35,9.15,8.30,8.00
AT3G05880	12.92,12.21,13.07,12.32,12.70,12.04,12.29,11.93,12.97,12.14,12.70,12.13
AT3G10760	4.95,4.66,4.66,4.62,4.66,4.66,4.73,4.62,4.66,4.93,4.69,4.66
AT3G10770	11.63,10.78,10.50,11.39,11.37,10.73,10.48,11.27,11.67,10.67,10.45,11.20
AT3G04550	11.23,11.99,12.46,12.19,10.99,12.14,12.41,12.24,11.10,11.94,12.39,12.14
AT3G03980	7.85,8.46,8.31,8.30,8.22,8.59,8.54,8.07,8.01,8.80,8.43,8.05
AT3G07090	9.89,10.95,11.13,9.79,9.50,10.73,10.64,9.13,10.09,10.66,10.96,9.54
AT3G06330	8.68,9.48,8.96,8.93,8.79,9.29,9.32,8.76,8.68,9.34,9.06,8.29
AT3G09970	9.25,9.72,9.58,9.47,9.07,9.65,9.79,9.78,9.22,9.65,9.71,9.66
AT3G06483	10.16,10.91,10.84,10.39,9.86,10.81,10.70,10.35,10.01,10.76,10.72,9.99
AT3G10420	9.71,10.91,10.18,9.58,9.99,10.87,10.64,9.34,10.19,10.72,10.33,9.28
AT3G10020	12.47,12.32,12.12,13.07,12.83,12.68,12.39,13.27,12.64,12.97,12.69,13.21
AT3G10410	8.24,8.96,9.08,8.82,7.89,9.02,9.19,8.96,8.64,9.18,9.12,8.72
AT3G02020	9.39,11.11,10.48,9.58,8.83,11.01,10.61,9.43,9.22,11.23,10.47,9.58
AT3G09440	6.10,7.71,8.73,4.72,5.96,7.39,8.44,5.19,5.86,7.40,8.07,4.12
AT3G08940	14.47,14.80,14.67,14.52,14.31,14.83,14.63,14.47,14.39,14.83,14.59,14.51
AT3G01810	7.52,9.39,8.78,8.67,7.66,9.42,8.98,8.98,8.09,9.24,8.99,8.57
AT3G09390	14.40,14.32,14.58,14.42,14.62,14.41,14.56,14.45,14.64,14.40,14.53,14.57
AT3G07360	10.07,10.48,10.48,9.95,10.03,10.43,10.42,10.14,10.18,10.52,10.39,10.18
AT3G07320	6.02,7.37,8.28,7.22,6.00,7.32,7.74,7.00,6.77,7.33,7.80,7.19
AT3G07350	9.99,10.00,9.97,10.39,10.31,9.57,10.53,9.85,8.88,9.65,10.75,9.66
AT3G07310	11.27,12.28,12.21,11.51,11.18,12.15,12.06,11.35,11.41,12.43,12.10,11.05
AT3G07510	8.77,7.80,7.75,8.48,8.80,7.75,7.94,8.25,8.46,7.65,7.81,8.23
AT3G11670	9.05,9.87,9.50,8.56,9.03,10.01,9.69,8.33,9.10,10.05,9.47,8.30
AT3G01310	10.04,9.12,9.19,9.05,10.32,9.43,9.10,9.84,10.28,9.50,8.94,9.99
AT3G01660	8.78,10.21,10.45,9.19,8.50,9.89,9.87,8.78,8.60,9.89,9.87,8.48
AT3G01550	4.35,8.35,8.11,5.15,3.90,8.13,7.66,5.06,4.27,7.96,7.81,3.72
AT3G01540	12.47,12.04,11.60,12.81,12.51,12.06,11.92,12.61,12.75,12.05,11.93,12.60
AT3G07650	9.12,5.02,7.70,9.20,9.19,4.19,7.43,9.41,8.17,4.82,7.60,8.52
AT3G07640	9.25,8.74,9.04,9.40,9.30,8.61,8.69,8.83,9.17,8.54,8.89,8.84
AT3G01060	10.03,11.30,10.15,8.82,9.42,11.18,10.19,8.51,10.07,11.30,10.07,7.90
AT3G01180	9.48,11.06,10.70,9.74,9.73,11.27,10.74,9.89,9.75,11.23,10.95,9.91
AT3G11490	8.99,8.41,8.90,8.60,8.78,8.69,8.62,9.03,9.11,8.81,8.57,8.96
AT3G05120	8.94,7.97,8.16,8.67,8.93,8.38,8.32,8.75,8.54,8.40,8.37,8.58
AT3G05220	9.54,8.80,9.22,10.09,10.04,9.96,9.96,10.74,10.02,9.99,9.85,10.71
AT1G13270	10.36,10.61,11.14,11.27,10.41,10.79,11.12,11.23,10.41,10.83,11.26,11.03
AT1G69160	8.45,9.14,9.04,8.54,8.56,8.96,9.52,8.65,8.06,9.27,9.19,8.30
AT3G16470	11.04,11.85,11.78,11.84,10.85,11.91,12.00,11.77,11.69,12.37,11.91,12.39
AT1G13450	10.03,8.96,8.49,9.51,9.96,8.95,8.91,9.60,9.89,8.89,8.97,9.77
AT1G02340	12.28,10.97,11.09,11.46,12.35,10.82,11.24,11.36,12.02,11.00,11.26,11.86
AT1G01520	2.45,4.96,4.34,2.06,3.29,4.48,4.45,2.33,2.89,5.16,3.29,2.57
AT1G01490	13.78,13.26,13.26,13.99,13.69,13.32,13.32,13.67,13.55,13.32,13.46,13.97
AT1G01500	8.25,8.07,7.99,8.60,8.43,8.16,8.19,8.60,8.23,8.52,8.23,8.37
AT1G02300	11.59,11.77,11.53,11.38,11.68,11.76,11.38,11.56,11.97,11.71,11.52,11.77
AT1G44000	10.93,11.94,12.17,10.64,10.37,11.92,11.94,10.81,10.41,12.13,11.87,10.47
AT1G12580	10.28,9.03,8.96,10.30,10.15,9.05,8.95,10.31,10.13,9.21,9.00,10.07
AT1G15820	13.68,14.69,14.28,13.95,13.41,14.58,14.34,13.79,13.47,14.59,14.35,13.83
AT1G15740	10.55,10.72,10.14,10.67,10.51,10.72,10.45,10.69,10.86,10.87,10.34,10.74
AT1G15750	11.60,10.37,10.60,11.19,11.40,10.41,10.70,11.29,11.44,10.30,10.39,11.29
AT1G15690	12.37,11.85,12.32,12.00,12.29,11.63,12.15,12.08,12.13,11.78,12.16,11.72
AT1G20630	8.63,9.05,8.70,9.44,8.46,8.91,8.44,8.72,8.40,9.07,8.39,8.76
AT1G20640	5.49,7.24,6.81,6.31,5.61,7.11,6.71,6.54,5.74,7.25,6.67,6.03
AT1G20650	11.68,11.72,11.72,11.05,12.00,11.92,11.76,11.56,11.66,12.01,11.66,11.44
AT1G20620	14.46,13.96,13.70,14.10,14.25,13.83,13.89,14.02,14.54,13.84,13.89,14.30
AT1G28010	7.74,7.40,6.46,7.51,7.95,7.18,7.23,8.03,7.88,7.05,6.91,7.46
AT1G27930	7.32,8.06,8.26,7.69,7.33,8.00,8.19,7.84,7.06,8.08,7.80,7.51
AT1G28050	6.93,5.63,5.94,7.66,7.66,6.64,6.27,8.48,7.68,6.43,6.67,8.45
AT1G60890	5.63,7.08,6.88,5.96,5.53,7.35,7.14,6.19,5.74,7.12,7.20,6.45
AT1G64390	2.72,5.88,5.91,2.32,3.25,5.98,5.98,3.11,3.77,5.92,5.56,3.27
AT1G71030	12.10,12.56,12.20,12.22,12.27,12.52,12.25,11.84,11.70,12.66,12.46,11.79
AT1G29500	11.55,11.12,11.42,10.99,11.48,10.84,11.17,10.29,11.06,10.83,11.33,10.86
AT1G29450	8.38,7.45,7.88,7.66,7.82,7.23,7.51,6.93,7.58,6.97,7.61,7.09
AT1G29660	12.42,11.99,12.03,11.94,12.28,11.93,12.12,11.35,12.11,11.91,12.43,11.77
AT1G29460	9.39,8.91,9.46,8.45,8.74,8.61,9.40,7.16,8.39,8.96,9.20,8.00
AT1G29670	14.09,13.82,13.98,14.27,14.05,13.56,13.82,13.76,14.21,13.66,13.87,13.82
AT1G29430	9.55,9.08,9.38,9.15,8.79,9.15,9.02,8.82,9.36,9.55,9.13,9.50
AT1G29700	8.23,9.89,9.60,9.03,7.64,9.78,9.75,8.91,7.53,10.01,10.03,8.59
AT1G64330	9.51,7.75,8.07,9.50,9.23,8.25,8.17,9.69,9.99,7.99,8.37,9.97
AT1G72160	11.78,12.26,12.49,12.07,11.88,12.21,12.21,11.81,11.98,12.27,12.28,12.06
AT1G52220	13.01,13.56,13.75,13.11,12.67,13.58,13.44,12.90,13.07,13.53,13.61,13.10
AT1G52230	13.17,13.69,13.82,13.24,12.50,13.73,13.51,13.04,12.88,13.82,13.67,13.16
AT1G68440	11.26,9.89,10.41,10.40,11.05,9.70,10.47,10.66,10.52,9.95,10.34,10.02
AT1G76790	6.43,8.94,9.12,7.64,6.60,9.22,8.41,7.66,7.12,9.26,8.38,7.72
AT1G72770	10.44,10.30,10.37,8.64,10.15,9.94,10.25,8.77,10.07,10.36,9.74,8.68
AT1G75100	10.58,10.44,10.02,9.53,10.20,10.32,10.18,9.34,10.42,10.69,10.11,9.28
AT1G71480	9.48,10.47,10.03,9.67,9.35,10.32,10.32,9.58,9.28,10.54,10.33,9.14
AT1G53670	12.12,12.60,12.67,12.56,12.12,12.73,12.48,12.13,12.02,12.77,12.51,11.94
AT1G76590	7.36,6.34,6.71,7.66,8.39,6.55,6.44,7.40,7.08,7.03,6.87,7.32
AT1G67970	8.15,7.78,8.21,10.02,8.73,8.03,8.19,9.68,8.61,8.21,8.50,9.05
AT1G68130	4.01,3.98,3.98,3.81,4.24,3.78,4.40,4.33,4.00,3.98,3.97,4.55
AT1G68830	11.34,12.08,11.74,10.94,11.13,12.16,11.59,10.90,10.94,12.23,11.67,10.55
AT1G68840	10.48,9.59,9.37,10.57,10.83,9.37,10.53,11.32,10.15,9.56,10.98,11.08
AT1G68820	8.82,9.03,8.56,8.85,9.05,9.10,8.99,9.21,8.93,9.19,8.78,9.22
AT1G73655	11.73,11.79,12.20,12.36,11.67,11.77,12.05,12.09,11.50,11.98,12.21,12.03
AT1G73660	9.45,9.10,8.37,9.46,9.74,9.16,9.05,9.46,9.61,9.32,8.90,9.39
AT1G63240	9.72,9.92,9.78,9.89,9.65,10.21,9.88,10.23,9.90,10.36,9.73,10.52
AT1G66330	10.26,11.58,11.18,10.02,10.31,11.76,11.21,10.00,10.30,11.69,10.91,9.82
AT1G71970	10.60,10.11,10.39,10.20,10.51,10.12,10.31,10.07,10.20,10.08,10.32,9.94
AT1G70730	9.60,10.48,10.33,9.65,9.45,10.26,10.47,9.82,9.89,10.44,10.40,9.67
AT1G74450	6.25,5.24,4.69,6.55,6.23,4.88,5.45,6.55,7.11,5.36,5.36,6.16
AT1G74470	13.69,13.77,13.63,13.31,13.42,13.82,13.70,13.62,13.40,14.00,13.65,13.53
AT1G80480	11.21,11.72,11.81,11.88,11.31,11.84,11.89,11.83,11.41,11.76,12.02,11.79
AT1G80280	9.26,8.46,8.81,9.70,9.62,8.39,8.77,9.94,9.77,8.45,8.74,9.91
AT1G80310	8.22,8.49,8.33,8.40,8.44,8.34,8.54,8.03,8.42,8.59,8.58,7.93
AT1G70610	7.86,10.10,9.50,8.92,8.02,10.26,9.70,8.93,8.06,10.19,9.65,8.88
AT1G63830	10.35,10.07,10.21,10.46,10.71,10.17,10.36,10.69,10.67,10.17,10.37,10.73
AT1G63940	10.47,10.71,10.98,10.11,10.32,10.75,10.78,10.18,10.40,10.70,10.88,10.32
AT1G69330	2.34,2.62,2.73,2.39,2.49,2.41,3.12,2.29,2.39,2.42,2.41,2.41
AT1G69370	8.33,9.88,9.45,9.32,8.51,9.88,9.47,8.95,8.88,9.75,9.52,9.12
AT1G73870	7.12,10.60,8.60,7.39,6.69,10.73,9.56,7.58,7.45,10.91,9.55,8.44
AT1G74090	9.42,11.11,11.06,9.81,9.52,11.18,11.17,9.57,9.42,11.04,11.25,9.63
AT1G69870	5.99,6.00,6.47,5.97,6.07,5.97,6.75,6.07,6.07,6.07,6.59,6.20
AT1G69830	9.43,11.01,11.02,10.65,9.66,11.27,11.22,10.80,9.92,11.32,11.37,10.83
AT1G72340	8.36,8.27,8.09,9.40,8.25,8.14,8.31,9.04,8.31,8.05,8.18,9.00
AT1G68220	10.54,10.45,10.60,10.68,10.35,10.54,10.66,10.41,10.39,10.54,10.75,10.51
AT1G72500	9.65,11.48,10.87,10.24,9.57,11.62,11.32,10.24,10.16,11.25,11.28,10.63
AT1G10900	8.98,10.57,10.02,9.25,8.58,10.76,10.07,9.17,9.03,10.74,9.84,9.41
AT1G10960	11.90,13.07,13.19,12.22,11.44,12.58,12.89,11.84,11.36,12.76,12.79,11.12
AT1G51610	7.63,8.81,8.31,8.89,8.09,9.03,8.56,8.75,7.92,9.01,8.91,9.05
AT1G47270	10.51,9.61,9.37,10.39,10.62,9.54,9.62,10.25,10.40,9.57,9.45,10.25
AT2G43330	8.66,8.48,8.20,8.14,8.62,8.46,8.31,8.34,8.71,8.74,8.38,8.34
AT2G43550	7.76,10.83,11.54,9.92,7.61,10.76,11.44,9.53,7.91,10.85,11.46,9.58
AT2G43710	12.13,11.70,11.93,11.92,11.72,11.78,11.85,11.45,12.08,11.78,11.94,11.44
AT2G47390	8.79,9.55,9.86,9.86,8.91,9.63,9.94,9.94,9.13,9.59,9.98,9.74
AT1G55850	9.61,10.43,11.14,10.97,9.88,10.41,11.05,10.74,10.09,10.24,10.98,10.65
AT1G55920	10.11,11.26,11.36,10.15,9.90,11.13,11.63,10.13,10.32,11.09,11.14,10.22
AT1G55960	9.31,11.44,10.41,9.87,9.19,11.33,11.08,9.64,9.06,11.37,10.79,9.41
AT1G53280	11.79,11.12,11.02,11.59,11.60,11.16,11.28,11.67,11.80,11.09,11.22,11.72
AT1G53230	8.09,9.20,9.83,8.81,8.01,9.10,9.80,9.07,7.84,9.11,9.62,8.95
AT1G62430	5.52,7.53,7.72,5.76,6.16,7.58,7.44,6.47,6.09,7.99,7.58,6.10
AT1G19310	7.61,7.54,7.18,7.93,7.78,7.40,7.50,7.84,7.70,7.48,7.55,7.70
AT1G19450	8.75,9.23,8.98,7.70,8.25,9.59,9.21,8.00,8.18,9.51,8.91,7.73
AT1G17665	6.01,2.87,5.22,7.76,5.59,2.87,4.52,7.38,5.73,3.10,4.37,7.20
AT1G48030	12.07,12.74,12.81,12.16,11.84,12.77,12.82,12.13,11.77,12.78,12.87,11.89
AT1G49230	7.10,5.73,6.81,7.02,6.94,6.38,6.41,6.61,7.29,6.45,6.46,6.35
AT1G06890	10.31,8.16,8.97,8.87,10.03,7.67,8.58,8.61,9.59,7.56,8.35,8.57
AT1G06870	11.47,10.11,10.90,10.97,10.74,9.89,10.22,10.77,11.16,10.33,10.27,10.92
AT1G21920	8.42,8.16,7.57,8.05,8.85,8.18,7.68,8.54,8.29,8.55,7.42,8.28
AT1G21500	12.06,13.48,13.39,12.89,11.50,13.46,13.14,12.65,11.63,13.51,13.30,12.80
AT1G02640	7.10,4.76,4.67,8.21,7.45,4.09,4.46,8.18,6.88,4.30,4.75,8.15
AT1G06040	13.27,13.69,13.58,12.94,13.14,13.66,13.72,12.62,13.19,13.92,13.74,12.87
AT1G53450	7.88,8.07,7.99,8.49,8.46,8.24,8.15,8.18,8.37,8.17,8.47,8.42
AT1G17360	8.11,8.56,8.25,8.00,7.43,8.65,8.46,7.82,8.04,8.74,8.37,7.33
AT1G01300	7.45,6.51,7.46,7.30,7.52,6.32,7.44,7.66,7.28,6.45,6.96,7.31
AT1G07280	11.55,12.19,12.06,12.26,11.69,12.07,12.29,12.10,11.53,12.06,12.23,11.89
AT1G07420	7.75,7.46,7.64,7.73,7.55,7.55,7.35,7.84,7.71,7.54,7.95,8.22
AT1G07350	9.46,10.20,9.63,9.71,9.55,10.22,10.29,9.85,9.60,9.89,10.05,9.91
AT1G07440	8.17,9.37,9.29,9.31,7.94,8.93,9.27,9.24,8.25,9.19,9.08,8.73
AT1G07570	9.75,9.48,8.87,9.10,9.87,9.44,9.16,8.94,9.72,9.45,9.13,9.00
AT1G75370	9.51,9.65,9.13,9.94,9.73,9.57,9.21,10.02,9.86,9.56,9.24,10.02
AT1G04990	7.75,7.83,8.53,7.37,8.10,7.95,8.51,8.05,8.28,7.93,8.30,8.05
AT1G04820	12.08,12.20,12.10,11.74,11.75,12.06,12.19,11.67,12.41,12.19,12.19,11.90
AT1G19800	7.54,8.49,8.30,7.90,7.37,8.64,8.27,7.94,7.47,8.87,8.48,7.79
AT1G19715	9.41,10.19,9.62,9.46,9.41,10.31,9.81,9.80,9.45,10.22,9.72,9.86
AT1G19660	12.15,12.76,12.86,12.62,12.06,12.59,12.41,12.41,12.39,12.79,12.64,12.34
AT1G04810	9.68,8.49,8.07,9.07,9.32,8.72,8.49,9.16,9.48,8.59,7.98,9.34
AT1G04770	7.02,8.37,8.83,6.73,6.93,9.05,9.41,7.32,7.73,8.63,9.73,6.88
AT1G32900	8.69,10.10,8.10,7.80,7.60,9.94,8.87,8.35,8.65,10.28,8.77,8.24
AT1G32920	12.82,11.63,12.74,12.74,12.66,11.45,12.68,12.39,12.69,11.47,12.99,12.15
AT1G12845	8.83,10.10,10.68,9.65,8.53,10.11,10.26,9.08,8.53,10.22,10.48,8.78
AT1G20020	12.95,13.90,14.35,13.70,12.88,13.95,14.01,13.83,12.91,14.09,14.10,13.67
AT1G19970	5.76,6.71,6.42,6.20,5.68,6.77,6.33,5.98,6.45,7.04,6.76,6.05
AT1G20160	6.95,9.09,8.72,8.81,7.29,9.03,8.94,8.66,7.83,9.11,8.50,9.11
AT1G20190	10.01,10.13,10.23,7.63,10.31,10.31,10.46,8.58,9.83,10.23,10.49,9.25
AT1G05840	9.55,7.30,7.50,8.33,9.11,7.33,7.23,8.53,8.72,7.36,6.96,8.54
AT1G26665	12.20,10.27,11.04,11.57,12.24,10.49,10.64,11.48,12.25,10.44,10.79,11.47
AT1G53035	2.18,2.29,3.02,2.21,2.19,2.30,2.54,2.21,2.83,2.38,2.27,2.09
AT1G79600	10.33,11.89,11.53,11.34,10.21,11.94,11.69,10.98,10.11,11.86,11.47,10.55
AT1G41830	9.65,10.31,10.39,9.35,9.41,10.22,10.26,9.47,9.64,10.13,10.19,9.82
AT1G18720	10.74,11.34,11.59,10.71,10.81,11.34,11.45,10.26,10.80,11.30,11.59,10.38
AT1G18810	9.59,11.47,11.38,9.50,9.52,11.29,11.36,9.08,9.08,11.50,11.08,9.06
AT1G07700	10.21,10.57,10.10,9.61,9.67,10.52,10.32,9.62,10.16,10.75,10.38,9.50
AT1G21050	10.56,7.88,7.70,9.21,9.77,7.41,8.25,8.49,9.90,7.70,7.99,9.11
AT1G14280	13.41,12.29,12.08,13.08,13.17,12.11,12.13,12.88,13.13,12.21,12.17,12.91
AT1G14290	10.58,8.62,8.50,10.40,10.44,8.69,8.86,10.02,10.14,8.55,9.19,10.27
AT1G01820	11.59,10.89,10.97,11.25,11.70,11.12,11.21,11.48,11.49,11.20,10.97,11.52
AT1G33050	11.87,9.93,9.55,10.95,11.68,9.91,9.47,11.08,11.68,9.83,9.73,11.12
AT1G33110	10.03,10.65,10.43,10.21,9.90,10.50,10.53,10.36,10.20,10.50,10.45,9.97
AT1G50020	9.29,10.14,10.66,9.25,9.07,10.10,10.05,9.02,8.68,10.26,10.00,8.57
AT1G18360	7.72,10.44,10.49,8.04,7.87,10.51,10.38,8.00,7.77,10.64,10.43,7.75
AT1G18330	9.12,9.71,9.67,9.21,9.77,9.73,9.83,8.95,8.71,9.75,9.96,8.14
AT1G18460	8.98,9.32,8.62,8.46,9.15,9.28,8.69,8.79,8.79,9.40,8.53,8.68
AT1G32700	11.52,10.68,10.05,11.64,11.48,10.69,10.56,11.50,11.33,10.89,10.98,11.42
AT1G08380	13.94,14.68,14.69,14.36,13.68,14.67,14.55,14.23,13.90,14.55,14.59,14.20
AT1G15950	8.84,9.47,9.47,8.97,8.92,9.38,9.43,8.57,8.74,9.53,9.35,8.50
AT1G16080	9.70,10.99,10.91,10.67,9.49,10.96,10.88,10.47,9.78,11.10,10.88,10.21
AT1G11350	10.23,9.60,9.64,10.79,10.45,9.57,9.67,10.87,10.70,9.26,9.71,10.92
AT1G65900	5.70,8.91,8.52,6.53,6.14,9.07,8.62,6.67,6.58,8.85,9.00,7.61
AT1G22540	5.60,6.87,6.81,7.35,6.36,6.93,6.76,7.06,5.82,7.16,6.70,7.07
AT1G22610	10.10,9.86,9.64,10.82,9.91,9.76,9.87,10.33,10.02,9.66,9.70,10.20
AT1G64490	11.57,10.23,9.84,10.80,11.20,9.92,10.19,10.76,10.94,10.00,10.08,10.64
AT1G64500	11.29,11.26,10.39,9.85,11.49,11.01,11.21,10.68,11.15,10.62,10.91,9.49
AT1G37130	14.41,13.56,14.09,14.29,14.19,13.65,13.96,14.22,14.25,13.63,13.88,14.18
AT1G35670	9.42,8.15,8.54,8.95,9.53,8.27,8.13,9.52,8.76,8.19,8.11,9.06
AT1G52550	8.57,8.43,8.24,8.57,8.58,8.32,8.25,8.42,8.77,8.15,8.42,8.43
AT1G52510	7.18,8.79,8.53,8.31,6.71,8.83,8.56,8.15,7.17,8.86,8.88,8.00
AT1G52720	7.36,7.87,7.97,7.85,7.83,7.53,7.77,7.88,7.81,7.42,7.80,7.59
AT1G78020	9.85,10.62,11.10,10.30,10.08,10.49,11.10,10.69,9.63,10.46,10.77,10.34
AT1G74730	10.97,12.45,12.60,11.90,10.37,12.26,12.32,11.51,10.56,12.58,12.29,11.12
AT1G74680	9.12,8.91,8.53,9.27,8.80,8.63,8.76,9.05,9.07,8.82,8.70,9.07
AT1G48330	7.49,8.28,9.28,6.44,7.42,8.26,8.80,5.93,6.98,7.95,8.55,6.91
AT1G48370	2.44,2.62,2.58,2.21,2.54,2.94,3.37,2.44,2.90,2.54,2.91,2.55
AT1G53870	8.72,11.07,10.78,9.45,8.57,11.05,10.75,9.57,8.97,11.31,11.19,9.65
AT1G70780	13.87,13.07,13.88,13.30,13.55,12.81,13.40,13.17,13.69,12.92,13.56,13.23
AT1G70940	8.28,6.76,7.47,6.49,8.71,6.84,7.23,7.80,7.87,6.44,6.99,7.38
AT1G70985	4.18,5.41,5.57,4.21,3.74,5.57,5.30,4.17,3.63,5.10,5.14,3.85
AT1G27630	10.05,9.96,10.07,9.66,10.24,10.02,10.03,9.85,10.24,10.02,10.06,10.27
AT1G70820	6.76,11.00,10.88,9.88,6.79,11.17,10.57,9.46,7.30,11.39,10.74,9.47
AT1G50290	4.02,3.93,4.02,3.45,3.86,4.21,3.96,4.58,4.29,3.88,4.33,3.95
AT1G47530	10.04,10.15,10.19,9.51,9.97,10.23,10.20,9.97,10.01,10.27,10.04,9.45
AT1G11310	11.56,11.26,11.57,11.37,11.42,11.08,11.29,11.40,11.69,11.34,11.32,11.30
AT1G50250	11.68,12.05,11.99,11.85,11.58,12.14,12.00,11.78,11.69,12.32,11.93,11.39
AT1G21600	10.54,10.22,10.31,10.67,10.14,10.13,10.28,10.70,10.42,10.62,10.47,10.68
AT1G21670	7.67,7.96,8.15,8.88,7.85,7.69,8.15,8.11,8.01,7.89,8.18,7.73
AT1G21680	13.13,12.57,12.83,13.17,13.27,12.44,12.76,13.04,13.17,12.61,12.70,12.82
AT1G17100	11.32,12.73,13.07,11.93,11.28,12.59,12.98,11.81,11.08,12.84,13.04,11.21
AT1G34300	10.50,9.26,8.74,10.36,10.47,9.14,9.22,10.67,10.50,9.08,9.22,10.63
AT1G15060	7.03,7.61,7.58,6.18,6.79,7.45,7.45,6.00,7.05,7.64,7.31,6.03
AT1G13990	8.56,9.34,9.15,9.40,8.62,9.02,9.33,8.96,8.65,9.28,8.90,8.79
AT1G13930	10.97,12.43,12.54,10.48,11.09,12.37,12.26,10.32,10.87,12.40,12.15,10.02
AT1G06430	10.66,11.45,10.99,11.06,10.39,11.21,11.10,10.93,10.46,11.45,10.97,10.45
AT1G06460	11.72,12.58,12.80,12.36,11.86,12.72,12.61,12.20,11.82,12.71,12.79,12.17
AT1G06680	13.79,14.23,14.27,14.24,13.65,14.18,14.06,13.78,13.86,14.38,14.18,13.98
AT1G62710	7.66,9.19,9.80,6.85,7.31,9.48,8.92,7.81,7.04,9.47,8.83,6.81
AT1G62780	9.66,10.81,11.51,9.75,9.41,10.98,10.86,10.03,9.44,11.24,11.03,10.00
AT1G43620	6.33,7.77,7.44,7.32,6.67,7.79,7.38,7.38,6.96,7.69,7.50,7.31
AT1G75800	10.97,9.41,9.12,11.06,11.33,9.27,9.46,10.89,11.00,9.28,9.61,10.62
AT1G10850	7.11,8.21,7.57,7.58,7.20,8.09,7.99,7.51,7.32,7.96,7.95,7.33
AT1G10760	11.51,12.73,12.83,12.40,11.47,13.02,12.87,12.53,12.03,13.18,12.95,12.67
AT1G10740	10.06,9.54,9.32,9.39,10.20,9.52,9.53,9.88,9.89,9.36,9.25,9.58
AT1G11790	7.47,8.89,9.01,7.94,7.47,8.79,8.83,8.08,7.88,8.82,9.00,7.93
AT1G13080	8.72,10.62,10.18,8.38,8.25,10.79,10.32,8.73,8.39,10.81,10.44,8.10
AT1G14700	10.39,11.76,11.42,10.75,10.01,11.73,11.28,10.71,10.75,11.68,11.68,10.97
AT1G14720	11.37,11.26,11.72,11.84,11.45,11.27,11.53,11.56,11.60,11.46,11.60,11.62
AT1G64850	10.88,11.37,11.66,11.23,10.64,11.40,11.12,10.64,10.86,11.38,11.37,10.52
AT1G64860	9.16,10.19,9.45,8.52,8.92,10.48,9.76,9.10,8.91,10.59,9.73,8.76
AT1G64890	2.18,3.40,3.23,3.32,2.77,3.63,3.31,3.12,2.81,3.90,3.23,3.23
AT1G59870	10.19,9.08,9.98,10.83,9.92,9.23,9.80,10.65,9.91,8.89,9.54,10.61
AT1G65840	9.19,9.21,9.73,8.48,9.20,9.24,9.60,8.76,9.33,9.08,9.45,9.23
AT1G79520	6.87,8.93,8.43,7.51,6.64,8.95,8.51,7.52,6.94,9.07,8.37,7.10
AT1G54410	14.41,14.59,14.71,14.32,14.47,14.78,14.67,14.62,14.66,14.98,14.70,14.82
AT1G75690	12.56,13.37,13.21,13.08,12.16,13.35,13.22,12.96,12.29,13.38,13.35,12.67
AT1G23870	11.16,9.39,9.01,11.28,11.32,9.36,9.35,11.20,11.13,9.29,9.32,10.79
AT2G18170	8.19,7.95,8.41,7.23,7.93,8.05,8.17,7.94,8.10,8.22,8.06,7.50
AT2G16070	10.29,10.57,10.42,10.57,10.22,10.45,10.53,10.18,10.10,10.51,10.59,9.89
AT1G03130	12.11,13.40,13.02,12.92,11.64,13.39,13.28,12.82,12.07,13.57,13.14,12.89
AT1G78600	9.56,10.83,10.67,11.28,9.68,10.74,10.44,10.72,9.87,10.82,10.63,10.75
AT2G31380	12.11,12.37,11.99,10.28,11.66,12.25,12.21,9.89,11.76,12.43,12.06,9.29
AT2G15240	9.82,8.39,8.16,9.29,9.65,8.22,8.40,9.07,9.57,8.20,8.17,9.31
AT2G47180	5.09,6.38,6.12,5.76,5.69,6.15,6.54,5.71,4.85,6.20,5.97,4.97
AT2G05070	14.67,14.85,14.82,14.13,14.28,14.86,14.73,14.02,14.56,14.98,14.77,14.26
AT2G04039	10.63,11.78,11.49,10.79,10.18,11.77,11.42,10.78,10.51,11.93,11.63,10.36
AT2G28720	10.61,10.95,11.40,10.51,10.86,11.05,10.62,10.32,10.74,10.91,10.65,10.53
AT2G22240	5.23,9.73,8.47,7.64,5.45,9.50,8.75,7.79,6.08,9.56,8.26,7.56
AT2G31810	10.31,7.86,7.72,9.88,10.03,8.05,7.73,9.85,9.83,8.29,7.77,9.80
AT2G31790	8.30,9.84,9.90,8.63,7.83,9.82,9.74,8.41,7.95,9.50,9.94,7.75
AT2G42620	10.83,10.77,10.17,11.15,11.21,11.00,10.70,11.47,11.03,10.93,10.72,11.61
AT2G42580	10.24,7.17,6.60,10.55,10.02,7.24,6.67,10.27,10.22,6.96,7.26,10.08
AT2G24820	9.53,10.89,10.97,9.63,9.17,10.71,10.89,9.31,9.31,10.80,10.83,8.61
AT2G21660	14.39,13.22,13.62,13.97,14.61,13.40,13.83,14.39,14.63,13.23,13.79,14.45
AT2G16365	10.62,10.61,10.80,11.35,10.87,10.62,10.60,11.13,10.47,10.61,10.59,10.67
AT2G17120	10.38,10.77,10.64,10.89,10.62,10.74,10.43,10.85,10.68,10.53,10.47,10.45
AT2G01870	7.98,9.68,10.00,9.44,7.67,9.54,9.89,8.78,7.50,9.52,9.72,8.66
AT2G01850	13.56,12.81,12.91,13.43,13.37,12.79,13.08,13.49,13.04,12.72,12.98,13.39
AT2G04700	11.81,12.18,12.45,12.02,11.54,12.02,12.05,11.81,11.78,12.13,12.34,11.70
AT1G04250	7.85,9.02,8.35,7.60,7.44,9.17,8.77,7.36,7.86,9.40,8.80,7.83
AT2G21320	9.07,10.16,10.33,5.12,8.56,10.03,10.03,5.57,8.79,9.97,10.26,5.87
AT2G21250	10.44,11.39,11.37,11.29,10.45,11.24,11.13,10.67,10.84,11.28,11.04,10.89
AT2G21330	12.67,13.00,12.89,12.96,12.33,12.97,12.89,12.88,12.67,13.02,12.90,12.45
AT2G21385	12.64,12.55,12.72,12.45,12.57,12.61,12.63,12.68,12.48,12.73,12.80,12.72
AT2G46450	9.46,10.50,10.16,10.23,9.38,10.50,10.56,10.18,9.69,10.29,10.34,10.16
AT2G46340	9.33,10.74,10.57,8.81,9.08,10.57,10.52,8.90,9.23,10.79,10.34,8.33
AT2G24540	5.67,7.97,7.03,4.63,6.22,8.06,7.69,5.33,5.07,7.83,7.30,4.34
AT2G24550	9.33,9.37,9.23,9.55,9.63,9.22,9.58,9.51,9.32,9.31,9.75,9.44
AT2G40400	10.22,10.15,9.84,9.32,9.82,10.22,9.75,9.65,9.73,10.08,9.64,9.25
AT2G04570	8.78,8.98,8.95,6.69,8.42,8.67,8.73,6.52,8.72,8.84,8.79,6.29
AT2G04350	8.18,10.09,9.94,8.25,8.34,10.01,10.06,8.74,8.39,9.97,9.76,8.62
AT2G36870	5.82,10.06,10.12,6.68,6.07,9.98,9.54,6.62,6.32,9.86,9.64,6.94
AT2G21970	10.31,11.54,12.10,10.56,10.09,11.25,11.81,10.47,10.32,11.26,11.78,10.00
AT2G36250	10.62,11.02,11.12,11.03,10.69,11.02,10.98,10.89,10.91,11.20,11.02,10.71
AT2G36390	7.97,9.36,9.76,9.37,7.81,9.43,9.26,9.63,9.03,9.69,9.62,9.51
AT2G42690	10.99,11.42,11.59,10.98,11.05,11.37,11.51,10.92,11.07,11.35,11.43,10.86
AT2G21130	9.51,8.38,10.08,9.38,9.39,8.57,9.31,9.02,9.13,8.60,9.38,8.89
AT2G22450	9.46,7.80,8.39,9.09,9.50,8.01,8.22,9.38,9.55,8.36,8.39,9.42
AT2G22540	13.31,13.29,13.07,13.14,13.25,13.17,13.31,12.92,13.42,13.27,13.22,13.16
AT1G79110	6.98,7.59,8.75,6.79,7.24,7.23,8.33,7.24,6.09,7.14,7.59,7.20
AT1G79270	10.14,10.61,10.60,7.43,9.96,10.51,10.42,8.42,10.23,10.43,10.35,8.44
AT1G02270	8.22,8.57,8.64,8.66,7.71,8.63,8.38,8.20,8.13,8.76,8.01,8.39
AT1G54780	12.61,13.78,13.69,13.28,12.20,13.78,13.65,13.07,12.54,13.81,13.71,12.97
AT1G54570	7.00,7.88,8.70,8.08,6.66,7.75,8.35,7.52,7.12,7.77,8.53,7.70
AT1G22750	8.53,9.71,9.96,8.04,8.08,9.66,9.75,8.28,7.72,9.76,9.68,7.99
AT1G22640	8.06,8.38,8.35,7.42,8.28,8.31,8.66,7.54,7.75,8.47,8.74,7.94
AT1G22770	6.08,8.56,8.29,8.22,6.55,8.65,8.43,7.54,6.47,8.66,8.22,7.69
AT1G54820	7.78,10.31,10.24,8.07,7.52,10.49,9.94,8.32,8.10,10.43,9.92,8.15
AT1G60140	11.43,9.84,9.19,11.83,11.67,10.00,9.29,11.57,11.50,10.04,9.61,11.64
AT1G09140	8.15,8.30,7.97,8.35,8.38,8.64,8.01,8.46,8.38,8.41,8.07,8.38
AT1G70410	12.44,12.39,12.68,12.52,12.04,12.30,12.54,12.56,12.14,12.51,12.44,12.30
AT1G70420	7.13,8.98,9.30,7.96,7.44,9.37,8.99,7.80,6.75,9.87,8.89,7.69
AT2G25080	12.84,13.38,13.12,12.98,12.55,13.37,12.88,12.59,12.55,13.37,12.79,12.56
AT1G61740	11.32,10.49,10.76,10.77,11.34,10.46,10.70,10.64,10.74,10.35,10.72,10.69
AT1G10360	11.14,11.37,11.59,11.15,10.64,11.38,11.36,11.03,10.78,11.39,11.38,10.57
AT1G10370	5.06,8.11,7.79,5.61,5.24,8.21,7.32,4.95,5.33,8.25,7.72,5.12
AT1G27480	8.02,9.70,9.59,8.77,7.55,9.25,9.71,8.78,7.54,9.81,9.31,7.65
AT1G27300	10.39,9.73,9.47,10.79,10.73,9.61,9.88,10.45,10.21,9.34,9.78,10.26
AT1G10200	11.68,10.27,11.89,9.39,11.60,10.39,10.64,10.16,10.71,10.48,10.38,10.23
AT1G10150	8.67,8.51,8.27,8.63,8.69,8.74,8.72,9.07,8.42,9.01,9.11,8.56
AT1G10090	8.65,8.18,8.41,8.89,8.48,8.16,8.16,8.30,8.77,8.35,7.97,8.44
AT1G10060	7.32,8.06,7.90,8.03,7.74,8.13,8.23,8.53,7.62,8.01,8.51,8.05
AT1G04620	9.51,8.31,8.87,9.41,9.32,7.81,8.97,9.55,9.78,8.31,9.26,9.73
AT1G04550	9.05,9.25,9.30,7.88,8.73,9.46,9.24,8.49,9.00,9.37,9.31,8.36
AT1G04710	7.67,9.12,8.94,8.26,7.71,9.07,9.04,8.46,7.94,9.03,8.93,8.36
AT1G04530	7.04,7.90,7.68,6.45,6.86,8.07,7.75,6.73,7.20,8.44,7.51,6.27
AT1G04640	10.50,10.57,11.19,11.18,10.06,10.35,10.87,10.59,10.06,10.03,10.82,10.27
AT1G65490	7.91,9.39,9.23,7.88,6.92,8.87,9.34,7.61,7.36,9.08,9.16,5.52
AT1G08980	11.53,10.84,10.59,11.58,11.55,10.96,10.66,11.75,11.44,11.01,10.62,11.60
AT1G09795	10.13,10.88,11.27,10.96,10.24,10.87,11.08,11.10,10.34,10.93,11.24,10.79
AT1G09850	7.19,8.01,8.00,8.06,7.32,7.91,7.93,7.99,7.81,7.99,7.89,7.91
AT1G70210	6.69,8.11,7.94,8.13,7.65,8.45,8.67,8.23,7.61,8.55,8.83,8.35
AT1G22850	11.57,12.27,11.91,11.65,11.30,12.15,11.89,11.44,11.39,12.15,11.94,11.18
AT1G62290	8.09,8.39,8.48,8.33,7.56,8.62,8.43,8.40,7.90,8.62,8.45,8.22
AT1G08660	9.61,9.22,8.62,9.46,9.76,9.19,9.00,9.67,9.89,9.26,9.00,9.97
AT1G08550	12.15,13.20,13.13,13.07,12.03,13.26,13.06,13.08,12.26,13.43,13.20,12.88
AT1G03610	11.79,10.35,10.24,11.25,11.95,10.36,10.16,10.70,11.59,10.50,10.46,10.72
AT1G03600	14.15,14.34,14.64,13.94,14.03,14.36,14.33,13.75,13.79,14.42,14.36,13.49
AT1G03430	7.17,8.25,7.91,7.25,6.70,8.26,7.80,7.35,7.77,8.13,8.13,7.62
AT1G24100	7.64,9.31,9.47,8.19,7.21,9.66,9.71,7.82,8.48,9.70,9.76,8.65
AT1G23205	3.95,8.66,9.57,4.03,3.67,8.38,8.87,4.29,3.56,8.39,8.63,3.67
AT1G23090	7.52,6.26,6.96,7.63,7.01,5.88,6.65,7.84,6.80,6.09,6.18,7.79
AT1G77090	10.04,11.62,11.47,10.22,9.67,11.51,11.28,10.11,10.06,11.59,11.58,10.20
AT1G60600	4.49,6.85,6.70,5.49,3.90,6.96,6.74,5.42,4.28,6.96,7.01,5.54
AT1G61520	15.32,15.41,15.34,15.37,15.14,15.35,15.28,15.20,15.24,15.42,15.33,15.26
AT1G62510	11.38,12.38,11.35,11.36,11.46,12.01,10.98,10.94,10.73,12.20,11.02,10.46
AT1G62540	3.71,9.30,8.38,5.71,4.51,9.30,8.72,6.39,5.09,9.00,8.22,7.64
AT1G51400	13.59,13.99,13.87,13.88,13.29,13.91,13.93,13.61,13.26,13.98,13.87,13.62
AT1G23820	10.97,10.56,10.51,10.67,11.03,10.69,10.60,10.87,10.97,10.83,10.60,10.72
AT2G36630	2.78,3.87,2.86,2.81,2.85,3.01,2.95,2.81,2.73,2.93,2.91,2.85
AT2G43018	5.80,6.45,6.68,4.80,5.92,6.84,6.93,5.46,5.94,6.76,6.64,5.38
AT2G43010	9.50,9.34,9.33,9.15,9.82,9.26,9.06,9.02,9.56,9.25,8.96,9.25
AT2G20270	10.64,10.85,11.50,10.86,10.50,10.78,10.76,10.47,10.55,10.63,11.04,10.46
AT2G16600	11.79,12.19,12.62,11.72,11.96,12.24,12.35,11.95,12.18,12.19,12.45,12.06
AT2G16660	5.39,5.50,6.37,7.29,5.04,5.29,6.03,7.10,5.52,5.11,5.74,6.27
AT2G46550	11.23,10.78,10.99,10.76,10.98,10.91,10.85,10.71,10.86,11.14,10.79,10.62
AT2G37130	11.24,9.86,9.14,11.65,11.45,9.86,9.76,11.33,11.49,9.51,9.89,11.45
AT2G15890	11.44,11.03,10.99,12.70,11.74,11.32,11.14,12.65,11.42,11.60,11.51,12.46
AT2G15960	12.35,10.95,11.14,12.40,12.29,10.96,11.09,11.93,12.06,11.21,11.13,11.96
AT2G05630	9.41,9.33,9.85,10.07,9.09,9.11,9.43,9.59,9.37,9.14,9.50,9.58
AT2G05620	13.46,13.45,13.22,13.16,13.04,13.20,13.26,13.01,13.23,13.28,13.20,12.69
AT2G28200	10.22,8.67,9.16,9.70,10.49,8.22,9.24,9.66,9.17,8.16,9.09,8.90
AT2G20180	4.80,5.93,4.52,5.77,5.07,5.73,4.85,4.79,4.17,5.25,5.12,5.08
AT2G25520	8.96,8.18,8.38,7.67,8.94,8.28,8.44,8.35,8.82,8.31,8.35,8.38
AT2G27228	8.88,8.29,9.00,8.02,8.81,8.51,8.93,8.39,8.88,8.48,8.40,8.62
AT2G03550	7.52,7.32,7.48,6.81,7.72,7.55,7.82,6.97,7.20,7.49,7.97,7.15
AT2G03420	9.71,11.05,11.31,10.85,9.33,11.05,11.14,10.45,9.50,11.02,11.16,10.32
AT2G03340	9.10,9.63,9.62,9.75,9.30,9.76,9.74,9.87,9.23,9.80,9.67,9.75
AT2G48020	8.59,8.13,7.92,8.23,8.68,8.17,8.03,8.49,8.02,8.16,7.76,8.21
AT2G01170	8.42,8.67,8.40,9.46,8.88,8.62,8.62,9.43,8.67,8.80,8.59,8.97
AT2G35780	11.18,11.26,11.24,11.12,11.09,11.25,10.86,10.85,11.41,11.19,10.73,10.90
AT2G15020	6.90,8.65,8.05,5.26,6.28,8.64,8.25,5.73,6.30,8.58,8.12,4.31
AT2G25730	9.17,8.96,9.05,9.26,9.27,8.87,9.11,9.64,9.46,8.99,9.01,9.65
AT2G15090	9.82,8.46,9.30,9.94,8.99,8.57,8.91,9.96,9.52,8.81,9.24,9.49
AT2G19480	13.04,12.17,12.26,12.46,13.03,12.42,12.23,12.82,13.04,12.38,12.27,12.80
AT2G19470	10.10,9.62,9.65,10.41,10.25,9.70,9.45,10.36,10.28,9.67,9.70,10.27
AT2G37478	8.41,6.60,7.75,5.23,8.08,6.83,7.08,6.74,7.55,6.98,6.81,6.57
AT2G37240	9.81,11.39,11.05,10.14,9.38,11.39,11.21,10.15,9.37,11.70,11.18,9.90
AT2G24270	10.31,10.97,10.87,9.74,10.66,11.33,10.97,10.51,10.52,11.36,10.93,10.40
AT2G24100	9.63,8.29,8.45,8.77,9.61,8.15,8.16,8.39,9.68,7.90,8.36,8.63
AT2G18700	12.37,12.31,11.39,12.87,12.64,12.40,11.64,12.63,12.34,12.39,11.78,12.59
AT2G38010	4.07,7.99,8.45,6.92,4.88,8.06,8.53,7.34,4.96,8.01,8.44,7.45
AT2G38000	9.54,9.20,8.67,9.60,9.61,9.27,8.93,9.71,9.71,9.25,9.09,9.73
AT2G02070	9.64,8.78,9.89,9.14,9.22,8.45,9.37,9.08,8.48,8.73,9.09,8.61
AT2G28080	8.21,7.86,8.58,8.64,8.11,7.97,8.27,8.40,8.49,7.91,8.35,8.22
AT2G28900	13.66,13.44,13.72,13.80,13.54,13.53,13.64,13.84,13.85,13.59,13.69,13.95
AT2G29400	11.41,10.50,10.31,10.59,11.46,10.43,10.36,10.78,11.36,10.54,10.43,10.71
AT2G27830	9.56,8.06,8.81,9.78,10.23,7.86,9.15,10.09,8.91,8.19,9.49,9.67
AT2G29310	9.18,10.68,10.92,10.18,8.86,10.58,10.80,10.05,9.18,10.76,10.98,10.05
AT2G29300	5.58,8.44,7.22,6.59,5.18,8.25,7.64,7.24,6.36,8.35,7.76,6.67
AT2G29290	10.42,11.60,11.45,11.04,10.51,11.48,11.51,11.09,10.29,11.47,11.61,10.95
AT2G29390	7.46,8.45,8.63,7.44,7.43,8.39,8.17,7.12,7.81,8.57,8.64,7.63
AT2G29360	10.23,11.60,11.46,9.74,9.95,11.59,11.40,10.13,9.95,11.56,11.55,9.86
AT2G46690	10.76,11.42,11.72,10.34,10.90,11.28,11.43,10.19,10.55,11.34,11.29,10.44
AT2G41250	11.21,11.80,11.39,9.19,11.09,11.76,11.53,9.05,10.99,11.70,11.50,9.24
AT2G41290	8.10,10.44,10.23,9.09,7.84,10.26,10.11,8.55,7.86,10.38,10.02,7.85
AT2G43100	7.02,9.99,10.85,7.88,7.67,10.27,10.54,7.17,7.73,10.08,10.45,7.69
AT2G38670	9.22,9.92,9.81,9.64,9.30,9.99,9.80,9.48,9.60,9.97,10.00,9.64
AT2G38550	9.68,10.02,10.14,9.89,9.83,10.13,10.25,10.22,9.96,10.12,10.25,10.11
AT2G41330	9.07,8.21,8.14,9.50,8.61,8.06,8.32,9.23,8.56,7.86,8.21,8.57
AT2G07180	12.25,10.44,10.63,11.04,12.01,10.32,10.51,11.13,12.22,10.47,10.45,11.33
AT2G47910	11.26,11.27,11.06,11.48,11.39,11.34,11.59,11.58,10.99,11.26,11.47,11.23
AT2G07050	9.30,9.55,9.31,9.44,9.61,9.66,9.21,9.58,9.72,9.80,9.17,9.65
AT2G06925	10.59,10.63,11.48,10.63,10.54,10.64,10.96,10.17,10.60,10.50,10.80,10.48
AT2G47890	9.90,9.41,9.67,10.57,10.02,9.01,9.54,10.04,9.60,9.15,9.43,9.77
AT2G46170	8.15,8.50,9.06,7.50,8.02,8.38,8.85,7.68,7.99,8.44,8.80,7.57
AT2G46080	8.98,9.56,9.49,8.89,8.97,9.34,9.39,8.93,9.08,9.64,9.37,8.54
AT2G23840	6.70,8.94,8.20,6.85,6.38,8.81,8.64,6.69,6.44,8.97,8.66,6.48
AT2G24060	11.12,11.39,11.70,11.10,10.82,11.53,11.46,10.96,11.25,11.54,11.45,10.93
AT2G29670	10.73,11.60,10.55,12.30,10.87,11.60,10.73,11.91,10.57,11.66,10.93,11.46
AT2G25840	8.30,8.49,8.61,8.33,8.31,8.49,8.54,8.55,8.41,8.65,8.64,8.61
AT2G25830	8.49,10.18,10.42,9.07,8.50,10.17,9.78,8.88,8.79,10.08,10.16,8.61
AT2G29650	10.41,12.06,11.61,9.51,9.99,12.13,11.54,9.55,10.35,12.00,11.59,9.46
AT2G29630	10.54,11.07,11.25,11.36,10.46,10.92,11.19,11.12,10.85,11.08,11.25,10.89
AT2G03310	9.44,11.62,11.59,10.69,9.48,11.59,11.36,10.27,9.60,11.85,11.50,10.11
AT2G46820	13.91,14.16,14.28,13.91,13.51,14.07,14.09,13.72,13.67,14.24,14.20,13.67
AT2G46735	8.08,9.39,9.47,8.49,8.07,9.11,9.62,8.36,7.88,9.26,9.08,7.68
AT2G46900	11.08,9.32,8.97,10.97,11.06,9.48,9.07,10.68,10.94,9.28,9.00,10.83
AT2G22830	4.84,6.05,5.57,5.70,5.34,6.28,5.49,6.33,5.75,5.73,5.57,6.48
AT2G25930	11.31,10.55,10.86,11.73,11.38,10.80,10.66,11.74,11.54,10.84,10.79,11.62
AT2G26900	10.16,11.57,12.03,10.34,9.98,11.61,11.58,10.28,10.42,11.66,11.74,10.44
AT2G26800	9.74,9.62,9.10,9.23,9.68,9.37,9.37,9.14,9.14,9.52,9.33,9.15
AT2G29980	9.92,8.94,10.43,8.57,9.08,8.49,9.67,9.35,9.28,8.61,9.39,9.20
AT2G34620	8.70,10.81,10.52,9.77,8.13,10.62,10.59,9.13,8.33,10.80,10.65,8.56
AT2G45740	11.73,12.07,12.47,12.19,11.64,12.06,12.28,11.91,11.41,12.13,12.59,11.64
AT2G18950	6.06,7.50,7.75,5.86,6.32,7.65,7.54,6.00,6.30,7.80,7.89,6.38
AT2G18960	12.27,11.79,12.08,11.62,12.04,11.75,11.79,11.82,12.30,11.84,11.87,11.63
AT2G39450	10.17,10.72,10.51,9.79,10.21,10.69,10.33,9.82,10.17,10.67,10.24,9.56
AT2G34460	10.78,11.60,11.61,11.17,10.12,11.49,11.53,10.68,10.28,11.60,11.46,10.09
AT2G32480	8.86,10.35,10.06,9.58,8.53,10.38,10.31,9.35,8.77,10.18,10.55,9.12
AT2G40970	8.72,8.22,7.42,8.59,9.01,8.13,7.62,8.35,8.80,7.93,7.62,8.28
AT2G23390	9.53,10.09,10.24,8.84,9.41,10.18,10.18,9.53,9.73,10.27,10.08,9.44
AT2G31040	11.79,12.77,13.01,12.83,11.58,12.84,12.84,12.69,12.29,13.05,13.06,12.72
AT2G30980	9.94,9.51,9.48,10.11,9.87,9.53,9.65,10.35,10.24,9.55,9.57,10.35
AT2G44060	11.08,11.91,11.93,11.82,10.97,11.98,11.83,11.59,11.54,12.25,11.79,11.45
AT2G23070	12.41,11.41,11.36,11.55,12.61,11.34,11.32,11.75,12.62,11.38,11.21,11.85
AT2G23030	7.37,7.59,7.72,8.60,8.24,7.76,7.72,8.45,7.44,7.77,7.74,8.27
AT2G23000	8.05,12.56,12.06,9.95,7.20,12.42,11.97,9.22,8.16,12.23,12.10,9.34
AT2G22990	12.89,13.05,13.30,12.48,12.76,13.03,12.87,12.60,12.69,13.17,13.01,12.43
AT2G02570	11.11,10.51,10.12,10.63,11.15,10.50,10.42,10.89,11.42,10.87,10.71,11.19
AT2G19450	8.23,5.97,7.25,9.21,8.35,6.78,6.56,9.18,8.53,6.93,6.91,9.28
AT2G23670	12.20,13.12,13.19,12.21,11.88,13.17,13.27,12.33,11.98,13.21,13.20,12.09
AT1G64760	4.27,4.30,4.29,4.28,4.27,4.27,4.67,4.28,4.30,4.28,5.19,4.27
AT2G34690	12.52,11.12,11.19,12.21,12.50,11.17,11.38,11.85,12.55,11.28,11.35,12.15
AT2G39900	12.50,11.96,12.41,12.49,12.55,11.90,12.00,12.21,12.65,11.90,12.05,12.31
AT2G40000	12.48,11.92,12.15,13.28,12.82,11.48,12.95,13.14,12.46,11.75,13.32,12.90
AT2G44310	10.35,10.34,10.74,9.72,10.27,10.34,10.56,9.86,10.03,10.39,10.56,9.95
AT2G26300	11.49,10.43,10.22,10.87,11.43,10.75,10.38,11.41,11.80,10.80,10.30,11.45
AT2G35060	8.26,8.62,7.77,7.46,8.41,8.61,8.15,7.73,8.27,8.78,7.93,7.67
AT2G33830	14.44,12.72,12.83,14.23,14.18,12.78,12.66,14.16,14.39,13.15,12.48,14.09
AT2G02760	12.41,11.71,12.21,11.97,12.36,11.54,11.88,11.90,12.28,11.51,11.74,11.86
AT2G45560	4.30,7.23,7.26,5.42,5.01,6.90,7.34,5.47,4.70,7.73,7.26,4.88
AT2G30520	6.01,5.97,6.20,3.90,5.69,5.97,6.14,3.84,5.01,6.49,5.90,2.71
AT2G30570	13.45,13.80,13.92,13.72,13.00,13.74,13.82,13.55,13.31,14.00,13.85,13.70
AT2G42070	6.71,6.78,6.67,6.85,6.79,7.00,6.74,6.95,6.83,6.76,6.94,6.82
AT2G41870	5.89,8.94,7.74,5.33,6.64,8.55,7.95,5.78,7.06,8.83,7.76,5.94
AT2G26690	10.48,11.02,10.84,9.18,10.09,10.83,10.90,8.66,10.68,10.93,10.77,9.27
AT2G26710	7.88,5.92,6.27,5.41,8.33,4.63,6.59,5.19,6.70,4.34,6.40,4.77
AT2G42220	11.18,11.97,12.21,11.54,10.66,12.03,11.75,11.26,11.19,12.23,12.00,11.58
