0.34920634920634863
0.4202898550724641
0.5287356321839078
0.7300469483568075
0.720108695652174
0.3994490358126724
0.6035781544256118
0.2861491628614915
0.5933852140077822
0.570121951219512
0.6285014005602243
0.5634920634920632
0.5231481481481483
0.396396396396397
0.4510357815442561
0.3200408997955009
0.5737463126843655
0.3654244306418217
0.459420289855073
0.7305764411027567
0.6173054587688735
0.5454545454545459
0.5085470085470085
0.4592490842490842
0.29411764705882326
0.4755639097744359
0.3050314465408801
0.3823877068557919
0.6872549019607848
0.6908212560386479
0.597302504816956
0.7217391304347825
0.7224242424242422
0.620567375886525
0.4969696969696965
0.41724941724941716
0.6791383219954645
0.25096899224806196
0.6125654450261782
0.599358974358974
0.4999999999999995
0.5813008130081301
0.438746438746439
0.392330383480826
0.4371069182389938
0.34343434343434326
0.5685071574642125
0.5923809523809522
0.7764578833693306
0.6936685288640597
0.5962365591397849
0.7722222222222218
0.6086666666666669
0.6546391752577321
0.60625
0.6960784313725492
0.6014109347442683
0.4185323383084577
0.47916666666666646
0.8367486338797816
0.5311111111111108
0.5845295055821373
0.7139175257731959
0.4408602150537641
0.6056910569105693
0.5062893081761011
0.5636363636363635
0.5499194847020933
0.6639231824417006
0.4333333333333334
0.6447619047619048
0.5377777777777779
0.7511415525114155
0.6184640522875817
0.5694177863083812
0.45903954802259883
0.6550179211469533
0.46716232961586107
0.8123909249563699
0.804263565891473
0.8126262626262626
0.4662447257383964
0.522273425499232
0.5111972437553833
0.5779816513761467
0.5956221198156681
0.655937052932761
0.778846153846154
0.6331615120274917
0.4942528735632183
0.6765350877192985
0.489406779661017