-0.23737373737373768
0.506849315068493
0.5091036414565826
-0.5266106442577029
-0.5880230880230879
0.35333333333333355
0.17174796747967475
0.25652841781874053
0.34920634920634863
-0.42105263157894696
-0.6710526315789472
0.6452241715399609
0.5977011494252886
0.5151515151515147
-0.24470899470899482
0.4202898550724641
0.6587301587301585
0.713747645951036
-0.5182795698924727
-0.2259713701431491
0.30779569892473146
0.3583333333333343
-0.5903755868544598
-0.329961464354528
0.4126984126984129
0.2560706401766003
0.5287356321839078
0.24891774891774893
-0.7086247086247086
-0.6642685851318947
0.5098039215686272
0.44927536231884063
0.5378787878787881
-0.31601731601731564
0.6303703703703705
0.501996007984032
0.0019157088122611632
-0.7337807606263982
0.7300469483568075
0.619341563786008
0.27777777777777785
0.2780373831775702
0.4975124378109455
0.5907029478458049
-0.7438524590163931
-0.49487179487179445
0.6483739837398381
-0.6178861788617883
0.44827586206896486
0.5202492211838011
-0.4285714285714285
-0.3958333333333323
-0.3653421633554083
-0.6992337164750959
-0.25985663082437266
0.6868421052631577
-0.009950248756218638
-0.5793304221251818
-0.07567567567567557
0.4713541666666667
0.720108695652174
-0.3913043478260878
0.022222222222222143
0.4820895522388062
0.4633699633699636
-0.45584988962472417
0.5801886792452826
0.31958762886597936
-0.18380062305295924
-0.632478632478632
0.11481481481481481
0.5322723253757738
0.6713615023474178
-0.40136054421768735
-0.04434250764525893
0.42380952380952247
-0.6274509803921569
-0.013333333333333641
-0.07203389830508444
0.6423611111111112
-0.0370370370370372
-0.5416666666666672
0.4802631578947369
0.18452380952380942
0.28819444444444453
0.2210648148148146
-0.40229885057471293
-0.4583333333333324
-0.6127450980392163
-0.28985507246376835
0.7347328244274808
0.5963091118800459
0.5084541062801933
-0.3185941043083898
0.2401960784313723
-0.0646766169154232
0.22166666666666696
0.4885496183206105
0.41575425790754256
-0.20670995670995673
0.04460093896713696
0.3994490358126724
-0.7125603864734297
-0.5029498525073746
0.5787037037037033
-0.2914831130690159
-0.5794066317626528
-0.03333333333333355
0.6534653465346536
0.33508771929824555
0.04810996563573838
0.7871485943775101
0.6035781544256118
-0.3761384335154827
-0.4528619528619525
-0.4678249678249681
-0.4849537037037037
0.5759493670886078
-0.7061403508771937
0.5745920745920752
-0.12867647058823528
0.5239316239316243
0.5822916666666664
-0.05333333333333323
0.4847883597883599
0.40182648401826493
0.07352941176470612
0.5411913814955639
-0.4731800766283524
-0.3051948051948049
0.032467532467532534
-0.41223404255319124
0.41729323308270716
-0.26417233560090747
-0.019379844961240233
-0.5032362459546924
0.6465517241379309
-0.03222222222222193
-0.026748971193415683
-0.7240896358543416
0.2861491628614915
0.12195121951219523
-0.36538461538461553
-0.4904076738609111
0.03767123287671237
0.5933852140077822
0.5911708253358923
0.570121951219512
-0.349726775956284
0.6333333333333331
0.36767169179229503
0.4893939393939395
-0.590643274853801
-0.39591836734693864
-0.5992366412213739
-0.1341666666666666
0.5728770595690746
0.6698924731182799
0.43569553805774347
0.6426282051282048
0.36930455635491627
-0.39278131634819535
0.6001317523056655
0.6377688172043011
0.6294919454770755
-0.36155913978494586
0.6477093206951029
0.5837104072398187
0.5320088300220753
0.5220306513409961
0.048780487804877815
-0.5243445692883892
0.743734335839599
0.43174603174603166
0.6285014005602243
-0.469918699186992
-0.3669590643274853
0.6215986394557824
0.769230769230769
0.5364298724954462
0.2868217054263577
-0.478207489257213
0.7208121827411164
0.6978193146417445
0.6144927536231886
0.6718289085545722
0.2794117647058824
0.18879668049792536
-0.4725209080047788
-0.35784313725490235
0.11040339702760082
-0.21128608923884518
0.6634615384615383
0.5634920634920632
0.736220472440945
0.42056074766355145
-0.6271317829457368
0.31563421828908556
0.5231481481481483
-0.24390243902439007
0.47339593114240996
-0.41339869281045705
-0.35474006116207957
0.7060606060606059
0.526344086021505
-0.31424936386768415
0.4312865497076024
0.5477941176470582
-0.32709750566893414
0.5965665236051503
-0.5480984340044741
0.1924019607843136
-0.7931654676258995
0.5782608695652172
0.62962962962963
0.4719999999999998
0.396396396396397
0.3178090216754542
0.3488372093023251
0.1651515151515151
0.3421052631578946
-0.20531400966183627
-0.5918079096045199
-0.23700305810397568
-0.5184254606365161
-0.5925925925925916
-0.13380281690140833
-0.26515151515151436
-0.4952380952380955
-0.5530785562632697
-0.4201183431952664
-0.28391472868217055
-0.6644042232277523
-0.7331081081081078
0.4203980099502477
0.4510357815442561
0.3200408997955009
0.44229309035687175
0.31292517006802767
-0.3949275362318839
0.013440860215053974
0.4218213058419245
0.6510989010989009
0.5737463126843655
0.3333333333333328
0.20129870129870087
-0.47457627118644097
0.4617486338797814
0.792156862745098
-0.7234042553191489
0.12820512820512803
0.25203252032520207
-0.7031963470319631
0.4588744588744589
0.16666666666666746
0.3654244306418217
0.664516129032258
-0.5987179487179486
-0.7698412698412698
-0.41935483870967727
-0.683491062039958
-0.6843575418994416
-0.5333333333333325
0.23277467411545621
-0.8942969518190756
-0.49999999999999833
0.46653279785809915
-0.4748427672955976
-0.508438818565401
-0.3668831168831169
0.5439814814814812
0.6635991820040903
0.4226190476190477
0.19958847736625518
-0.5962199312714774
-0.5301724137931035
-0.2647058823529412
0.3666666666666668
0.6445783132530121
0.4145021645021641
0.459420289855073
-0.04225352112676056
-0.5227920227920226
0.24798711755233493
0.5321285140562249
0.3775252525252525
0.6532567049808428
0.02322404371584691
0.009950248756218638
-0.44211576846307366
0.5350877192982451
-0.16666666666666624
0.6733780760626398
-0.48589743589743617
0.6158333333333337
-0.5686274509803922
0.6579804560260589
0.274621212121213
0.39222222222222236
0.2641445126107703
0.4957264957264958
0.526595744680851
0.21186440677966162
0.15789473684210487
0.6529209621993134
-0.6080964685615851
0.5359712230215823
0.7754569190600523
0.24218750000000033
0.4856770833333334
0.2777777777777776
0.7305764411027567
0.41103603603603595
-0.23731343283582085
0.7094717668488161
-0.6752136752136758
0.507042253521127
0.26728395061728394
0.5464135021097045
-0.6569390402075225
-0.6683501683501696
0.6173054587688735
-0.6749999999999995
-0.03703703703703498
0.607981220657277
-0.4061032863849765
-0.0639730639730639
0.5454545454545459
0.5085470085470085
0.15539617486338786
0.6252302025782693
0.7781350482315109
0.21458333333333265
0.33512544802867394
0.4902482269503546
0.784965034965035
-0.20772946859903435
-0.7161687170474517
-0.12654320987654294
0.2060185185185185
0.5215053763440861
0.554347826086957
0.49910873440285236
0.4592490842490842
0.039473684210526716
0.29411764705882326
-0.4705882352941172
-0.0156695156695158
0.05673758865248235
-0.18248175182481746
0.5514403292181073
0.06060606060606061
0.6045045045045045
0.5547504025764894
-0.2004219409282697
0.504575163398693
-0.5770308123249301
-0.026041666666666186
-0.17753623188405798
0.7646604938271604
0.5208333333333338
0.4755639097744359
0.7436412315930387
0.6737288135593218
-0.6154618473895579
-0.44397759103641454
-0.23842592592592654
-0.6777777777777779
0.3050314465408801
-0.7438837920489298
0.6236749116607772
-0.2928571428571428
0.5523504273504269
-0.6803652968036532
0.4999999999999996
-0.6088888888888888
0.3823877068557919
0.6057422969187676
-0.77027027027027
-0.734513274336283
0.42786069651741326
-0.13812785388127863
-0.6698113207547164
-0.4652777777777777
0.600217864923748
-0.7426900584795325
0.5339321357285434
0.7519251925192519
-0.7178217821782185
0.34976525821596205
-0.4260089686098652
0.1666666666666668
0.6196581196581192
0.6872549019607848
-0.26950354609929067
0.6779533483822422
0.3947368421052628
0.5911458333333339
0.44097222222222204
0.39236111111111044
0.031531531531531654
0.6943589743589744
0.5217948717948719
0.6908212560386479
0.5534591194968553
0.3272058823529411
0.31914893617021234
0.06944444444444459
-0.5362903225806454
0.597302504816956
0.33066666666666644
0.47999999999999987
-0.5791245791245792
0.7217391304347825
0.6647564469914037
0.7224242424242422
0.3885964912280702
0.4368279569892474
0.4246575342465754
0.5787878787878787
0.45113438045375226
-0.3148148148148152
0.36627906976744146
-0.37693798449612387
-0.5267094017094021
-0.786914235190097
0.620567375886525
0.5793650793650788
0.006944444444443976
0.5207129094412334
0.42933333333333307
0.54004004004004
-0.5723270440251571
-0.40000000000000047
-0.2783171521035596
0.4969696969696965
-0.004016064257028162
0.560606060606061
0.4802631578947365
0.415625
0.43700787401574775
-0.03968253968254165
-0.2930711610486894
0.2568306010928964
0.12222222222222262
0.41724941724941716
0.4292682926829266
0.6791383219954645
0.22507788161993803
0.41287878787878735
0.41578947368421065
0.5173333333333331
-0.1893939393939389
0.43164983164983156
0.1507936507936497
0.14804722979109886
-0.7029702970297034
-0.07532621589561095
-0.2800925925925918
0.27683615819209106
0.5896624472573839
-0.4510703363914375
0.11992945326278648
-0.4583333333333339
0.13841807909604525
0.3666666666666668
0.269406392694064
0.4109347442680776
0.25096899224806196
0.6707516339869283
0.6125654450261782
0.004566210045662433
0.599358974358974
-0.337121212121212
0.7386831275720168
-0.103448275862069
-0.09230769230769237
-0.3175438596491227
0.5973333333333329
-0.5303921568627451
0.3958333333333332
0.34267912772585646
0.5159313725490196
0.5974842767295601
0.48148148148148173
-0.517467248908297
0.774278215223097
0.7141203703703708
0.6099099099099097
0.5594541910331383
0.4999999999999995
0.5813008130081301
0.5150375939849623
0.438746438746439
0.10193452380952384
-0.01399491094147598
0.30459770114942514
-0.17129629629629672
0.8483483483483484
0.508281573498965
-0.2762762762762762
0.20396270396270405
-0.22766884531590398
0.15748031496063003
0.2222222222222222
0.6262376237623763
0.47767857142857206
-0.4351851851851849
0.6402640264026404
-0.6706586826347306
0.392330383480826
-0.2398989898989889
0.4371069182389938
-0.07500000000000062
0.5562500000000007
-0.6161904761904761
-0.3239700374531835
-0.558333333333333
-0.44808743169398874
-0.16666666666666746
0.5210970464135021
-0.7299270072992701
-0.2558479532163741
-0.5294871794871795
-0.815447154471545
0.7008547008547011
0.7113095238095243
-0.7057823129251699
-0.38223552894211565
0.5173410404624279
0.6567656765676559
0.34343434343434326
-0.6067708333333335
-0.23875968992248048
0.6692913385826774
0.6144393241167434
-0.6879432624113477
0.598270440251572
-0.16228070175438597
0.3607253086419755
-0.35443959243085876
-0.49450549450549425
0.24652777777777768
0.06084656084656109
0.12783171521035563
0.03151709401709396
0.14833333333333287
-0.062499999999999944
0.3058943089430895
0.7674603174603176
0.47931034482758617
-0.6363636363636362
-0.08333333333333287
0.3764367816091952
-0.07602339181286566
0.08080808080808086
-0.6721311475409832
0.39002267573696164
0.46140350877192915
0.594166666666667
0.46498599439775906
0.38194444444444503
0.6317460317460314
0.5685071574642125
-0.33623188405797105
0.42051282051282024
0.6166666666666666
0.5708604483007953
0.5384615384615388
-0.15624999999999928
0.6345029239766083
0.4122807017543861
0.12388591800356497
0.659420289855073
-0.6217391304347828
0.5923809523809522
-0.5120772946859903
0.6641285956006775
0.7764578833693306
-0.5716253443526167
-0.5379948914431673
0.46274509803921565
0.6936685288640597
-0.35000000000000003
-0.48281786941580734
-0.2886597938144327
0.1904761904761903
0.5205479452054795
0.24242424242424238
-0.6049783549783552
-0.5392156862745097
0.5962365591397849
-0.618721461187214
-0.36065573770491804
-0.0790960451977405
0.7722222222222218
-0.862745098039215
0.6119791666666669
-0.17808219178082196
-0.6974358974358976
-0.15765765765765777
0.02380952380952356
0.5748106060606062
0.24305555555555602
-0.5079365079365078
-0.4607218683651805
0.5055555555555555
-0.542690058479532
0.6657509157509158
0.7645719489981784
0.47395833333333337
0.06349206349206316
0.08333333333333348
0.3195652173913043
-0.349765258215963
0.03070175438596534
0.6086666666666669
-0.6912202380952381
0.5023474178403747
0.5570987654320987
0.5366161616161615
-0.33653846153846145
0.5983510011778563
0.3898148148148151
0.2848699763593381
0.5763052208835343
-0.42845528455284543
-0.3958333333333335
-0.18398268398268397
0.5625
-0.42991452991452994
-0.10858585858585934
0.12015503875969014
-0.3905109489051092
-0.005747126436781824
0.6546391752577321
-0.047979797979797345
-0.5420110192837464
0.3864734299516914
0.33127572016460954
-0.7075268817204303
0.36111111111111094
0.60625
-0.5707070707070709
0.5204301075268816
0.60347551342812
0.8597449908925316
0.3162393162393158
0.5085910652920962
0.27499999999999913
0.5959349593495935
0.5795107033639145
0.2699530516431923
-0.7013333333333337
-0.06666666666666626
0.6178965224766753
0.05797101449275266
0.3053221288515404
0.2516339869281045
0.6531791907514449
0.6960784313725492
-0.7008547008547
0.6572199730094467
-0.42444444444444457
0.6014109347442683
0.746969696969697
-0.3279914529914528
-0.4546413502109706
-0.3344988344988343
0.5597014925373136
-0.7661812297734627
0.5487179487179488
-0.19398907103825075
-0.42039800995024884
0.41228070175438625
-0.2509578544061302
0.40675990675990664
-0.1416666666666666
-0.5093632958801496
0.20833333333333331
0.3108108108108101
0.5600000000000004
0.4333333333333336
0.633888888888889
0.4185323383084577
-0.2694805194805194
0.6550387596899225
0.5056689342403631
0.47916666666666646
0.3657407407407407
-0.5855855855855853
-0.6346801346801348
0.19534050179211468
0.6247723132969032
0.6666666666666662
0.6152882205513779
0.8367486338797816
0.5160000000000001
-0.5349206349206349
-0.7005012531328323
-0.7564102564102565
-0.5493827160493833
-0.6916666666666669
0.5311111111111108
0.5845295055821373
0.8984018264840181
0.43498168498168516
0.1755319148936168
0.5643564356435649
0.6618122977346281
-0.6536144578313249
0.6795252225519288
0.18761904761904757
-0.4081920903954804
-0.5443159922928708
0.12083333333333346
-0.5431372549019601
-0.6866197183098591
-0.41129032258064546
0.5322580645161288
0.010928961748633892
0.4138321995464854
0.6031390134529147
-0.4572072072072075
0.4950248756218906
0.27011494252873575
0.6824817518248175
-0.1822429906542053
-0.35242290748898675
0.7139175257731959
-0.040983606557377206
0.5791936645068394
0.026548672566371723
0.4329268292682923
-0.2404371584699458
0.4408602150537641
-0.32748538011695916
-0.03168044077134985
-0.5401606425702814
0.7219430485762143
-0.7314335060449051
0.6056910569105693
0.40476190476190477
0.6878306878306878
0.5062893081761011
0.6296296296296298
0.4566210045662103
0.6460317460317461
0.41095890410958924
0.5636363636363635
0.4844054580896688
-0.4350877192982465
0.7110389610389611
0.7742927429274288
0.5685714285714284
-0.17241379310344768
0.5160818713450286
0.5499194847020933
0.316860465116279
-0.48024054982817865
0.28266666666666684
0.6639231824417006
0.285353535353535
0.5683060109289615
-0.8051948051948049
0.2782485875706217
0.4333333333333334
0.4620034542314336
0.21996124031007774
0.44161358811040324
-0.7198795180722891
0.5216962524654831
0.5364583333333328
0.6447619047619048
0.3101851851851854
0.5377777777777779
-0.79021879021879
0.7511415525114155
-0.8219409282700422
0.6730225988700564
-0.6323877068557919
-0.24242424242424296
0.5546666666666666
-0.5932539682539681
0.45970695970696
0.6184640522875817
0.5694177863083812
0.23809523809523803
0.45903954802259883
0.6550179211469533
-0.10062893081761026
0.290378006872852
0.46716232961586107
0.8123909249563699
0.804263565891473
0.43390804597701077
0.32478632478632463
-0.09803921568627455
-0.6885714285714284
0.043333333333333
0.3189223057644109
0.2666666666666668
0.5952380952380949
0.4003267973856209
0.7351190476190474
0.4949494949494951
0.5335917312661498
0.7514029180695847
-0.7367424242424242
-0.1741293532338311
0.22395833333333298
0.5678418803418805
0.5702811244979911
0.8126262626262626
0.6651982378854626
-0.5770114942528738
0.01866666666666672
0.06349206349206327
-0.4166666666666666
0.21349862258953206
-0.488155668358714
0.4662447257383964
0.6586206896551725
0.522273425499232
0.16810344827586182
0.5111972437553833
-0.6853448275862067
0.39619883040935694
0.27777777777777735
0.3029595015576323
0.5779816513761467
0.391509433962264
-0.5024691358024689
0.45357142857142824
0.47826086956521735
0.4935897435897437
0.6287581699346407
-0.5586734693877551
0.7478632478632481
0.6484458735262593
0.3571428571428578
0.31336805555555536
0.5251141552511414
0.2485380116959064
0.5477308294209702
-0.21317829457364346
0.33333333333333304
0.4407407407407409
-0.19037037037037013
0.08196721311475358
-0.703187250996016
-0.4697855750487333
-0.12755102040816318
0.22077922077921996
-0.40057224606580827
0.1628787878787879
-0.1524547803617573
0.3247126436781611
0.553030303030303
0.26406926406926434
-0.37137681159420305
-0.3349056603773586
-0.004901960784313708
0.5956221198156681
-0.525641025641025
-0.492222222222222
-0.6628352490421461
-0.6736111111111106
0.655937052932761
0.44135802469135804
-0.5056179775280903
0.517937219730942
-0.5487421383647799
0.016203703703703443
-0.24145299145299198
-0.33660130718954245
-0.5420289855072464
-0.4697609001406469
0.5676100628930817
0.5132924335378322
0.6085858585858588
0.6535087719298246
0.5773420479302828
0.5399999999999998
0.778846153846154
0.7406440382941686
0.5576923076923082
0.35672514619882983
-0.4817073170731706
-0.6183074265975821
0.016666666666666385
-0.1587301587301579
0.2544529262086518
-0.39423076923076905
0.547008547008547
0.8159588159588158
0.5473484848484852
-0.07333333333333342
0.43333333333333296
0.7297063903281522
0.7278401997503119
0.2851851851851857
0.686030428769018
0.5735930735930737
0.6331615120274917
-0.8246445497630333
0.025406504065040747
-0.6750700280112047
0.6967479674796753
0.05989583333333198
0.011168384879725102
0.707089552238806
0.4350282485875708
0.7561576354679805
-0.1372549019607846
0.4942528735632183
0.6765350877192985
0.6287128712871285
-0.5041928721174003
0.4132882882882883
-0.6839080459770115
0.4218750000000003
-0.5638297872340429
-0.28048780487804886
0.4942528735632178
-0.41794871794871785
-0.623363544813696
-0.7331002331002326
-0.5533333333333333
-0.3179347826086958
0.44934640522875896
-0.5875527426160334
0.2601010101010099
-0.4055555555555549
0.6773566569484937
0.4193121693121694
0.4
0.6061865189289014
0.489406779661017
-0.172514619883041
0.5074309978768581